#
# A fatal error has been detected by the Java Runtime Environment:
#
#  EXCEPTION_ACCESS_VIOLATION (0xc0000005) at pc=0x00007ffbf3ece0a9, pid=10644, tid=7988
#
# JRE version: OpenJDK Runtime Environment Microsoft-8035246 (17.0.8+7) (build 17.0.8+7-LTS)
# Java VM: OpenJDK 64-Bit Server VM Microsoft-8035246 (17.0.8+7-LTS, mixed mode, sharing, tiered, compressed oops, compressed class ptrs, g1 gc, windows-amd64)
# Problematic frame:
# V  [jvm.dll+0x2be0a9]
#
# No core dump will be written. Minidumps are not enabled by default on client versions of Windows
#
# If you would like to submit a bug report, please visit:
#   https://github.com/microsoft/openjdk/issues
#

---------------  S U M M A R Y ------------

Command Line: -XX:MaxMetaspaceSize=512m --add-opens=java.base/java.util=ALL-UNNAMED --add-opens=java.base/java.lang=ALL-UNNAMED --add-opens=java.base/java.lang.invoke=ALL-UNNAMED --add-opens=java.prefs/java.util.prefs=ALL-UNNAMED --add-opens=java.base/java.nio.charset=ALL-UNNAMED --add-opens=java.base/java.net=ALL-UNNAMED --add-opens=java.base/java.util.concurrent.atomic=ALL-UNNAMED -Xmx2048m -Dfile.encoding=windows-1252 -Duser.country=US -Duser.language=en -Duser.variant -javaagent:C:\Users\user\.gradle\wrapper\dists\gradle-8.3-all\6en3ugtfdg5xnpx44z4qbwgas\gradle-8.3\lib\agents\gradle-instrumentation-agent-8.3.jar org.gradle.launcher.daemon.bootstrap.GradleDaemon 8.3

Host: Intel(R) Core(TM) i5-6200U CPU @ 2.30GHz, 4 cores, 11G,  Windows 11 , 64 bit Build 22621 (10.0.22621.2506)
Time: Wed Mar  6 23:00:53 2024 W. Central Africa Standard Time elapsed time: 168.509497 seconds (0d 0h 2m 48s)

---------------  T H R E A D  ---------------

Current thread (0x000001db7b4f0060):  JavaThread "C2 CompilerThread1" daemon [_thread_in_native, id=7988, stack(0x00000014a1000000,0x00000014a1100000)]


Current CompileTask:
C2: 168509 15990       4       org.gradle.cache.internal.AsyncCacheAccessDecoratedCache$$Lambda$512/0x000001db58480f58::create (12 bytes)

Stack: [0x00000014a1000000,0x00000014a1100000],  sp=0x00000014a10fb6e0,  free space=1005k
Native frames: (J=compiled Java code, j=interpreted, Vv=VM code, C=native code)
V  [jvm.dll+0x2be0a9]
V  [jvm.dll+0x21ba8b]
V  [jvm.dll+0x21944b]
V  [jvm.dll+0x1a56b6]
V  [jvm.dll+0x2291ea]
V  [jvm.dll+0x22724c]
V  [jvm.dll+0x7efd0c]
V  [jvm.dll+0x7ea13a]
V  [jvm.dll+0x67ad85]
C  [ucrtbase.dll+0x29363]
C  [KERNEL32.DLL+0x1257d]
C  [ntdll.dll+0x5aa58]


siginfo: EXCEPTION_ACCESS_VIOLATION (0xc0000005), reading address 0x0000000000000028


Register to memory mapping:

RIP=0x00007ffbf3ece0a9 jvm.dll
RAX=0x000001db7cff46b0 points into unknown readable memory: 0x0000000000000000 | 00 00 00 00 00 00 00 00
RBX=0x00000000000017ca is an unknown value
RCX=0x0 is NULL
RDX=0x0 is NULL
RSP=0x00000014a10fb6e0 is pointing into the stack for thread: 0x000001db7b4f0060
RBP=0x00000014a10fb750 is pointing into the stack for thread: 0x000001db7b4f0060
RSI=0x0 is NULL
RDI=0x0000000000000048 is an unknown value
R8 =0x000000000000ffe0 is an unknown value
R9 =0x0 is NULL
R10=0x00007ffc320f0000 VCRUNTIME140.dll
R11=0x000001db7cff46d0 points into unknown readable memory: 0x0000000000000000 | 00 00 00 00 00 00 00 00
R12=0x0000000000000050 is an unknown value
R13=0x0 is NULL
R14=0x0 is NULL
R15=0x00000014a10fe900 is pointing into the stack for thread: 0x000001db7b4f0060


Registers:
RAX=0x000001db7cff46b0, RBX=0x00000000000017ca, RCX=0x0000000000000000, RDX=0x0000000000000000
RSP=0x00000014a10fb6e0, RBP=0x00000014a10fb750, RSI=0x0000000000000000, RDI=0x0000000000000048
R8 =0x000000000000ffe0, R9 =0x0000000000000000, R10=0x00007ffc320f0000, R11=0x000001db7cff46d0
R12=0x0000000000000050, R13=0x0000000000000000, R14=0x0000000000000000, R15=0x00000014a10fe900
RIP=0x00007ffbf3ece0a9, EFLAGS=0x0000000000010202

Top of Stack: (sp=0x00000014a10fb6e0)
0x00000014a10fb6e0:   00000000000017ca 0000000000000000
0x00000014a10fb6f0:   00000014a10fe900 00007ffbf3e338d1
0x00000014a10fb700:   000001db78db49c0 00007ffb00002000
0x00000014a10fb710:   000001db7cff46b0 0000000000000000
0x00000014a10fb720:   0000000000000002 000001db7c435f60
0x00000014a10fb730:   0000000000000002 000001db78db49c0
0x00000014a10fb740:   0000000000000000 0000000000000000
0x00000014a10fb750:   000001db7b863a30 000001db38dc4820
0x00000014a10fb760:   0000000000000048 00007ffbf4554c08
0x00000014a10fb770:   00000014a10fb880 00007ffbf3e2ba8b
0x00000014a10fb780:   00000014a10fe900 00007ffbf4554c08
0x00000014a10fb790:   00000014a10fe900 00000014a10fb880
0x00000014a10fb7a0:   0000001400000000 00000014a10ff460
0x00000014a10fb7b0:   000000140000000f 00000014a10fe900
0x00000014a10fb7c0:   00000014a10fb930 000001db00000000
0x00000014a10fb7d0:   000001db00000100 00007ffbf4554c08 

Instructions: (pc=0x00007ffbf3ece0a9)
0x00007ffbf3ecdfa9:   3b d0 75 0b ff c1 41 3b c9 7c dc 48 8b c2 c3 33
0x00007ffbf3ecdfb9:   c0 c3 cc cc cc cc cc 48 89 5c 24 18 55 56 57 41
0x00007ffbf3ecdfc9:   55 41 57 48 8b ec 48 83 ec 70 65 48 8b 04 25 58
0x00007ffbf3ecdfd9:   00 00 00 48 8b f2 44 8b 05 d2 8b 90 00 4c 8b f9
0x00007ffbf3ecdfe9:   4a 8b 1c c0 b8 50 00 00 00 80 3c 18 00 75 05 e8
0x00007ffbf3ecdff9:   8b 6f 5d 00 b8 20 00 00 00 48 8b 04 18 48 8b 98
0x00007ffbf3ece009:   38 02 00 00 48 89 5d b0 c7 45 b8 04 00 00 00 48
0x00007ffbf3ece019:   8b 43 18 48 83 f8 df 76 18 4c 8d 05 37 a9 65 00
0x00007ffbf3ece029:   ba 20 00 00 00 48 8b cb e8 5a eb de ff 48 8b 43
0x00007ffbf3ece039:   18 48 8d 48 20 48 3b 4b 20 76 11 45 33 c0 48 8b
0x00007ffbf3ece049:   cb 41 8d 50 20 e8 fd e8 de ff eb 04 48 89 4b 18
0x00007ffbf3ece059:   44 8b 45 b8 33 d2 49 c1 e0 03 48 8b c8 48 89 45
0x00007ffbf3ece069:   c0 e8 e3 80 5d 00 45 33 ed 48 8d 4d d0 44 89 6d
0x00007ffbf3ece079:   c8 e8 01 59 56 00 41 8b 9f 40 02 00 00 41 2b 9f
0x00007ffbf3ece089:   68 02 00 00 44 89 6d f0 3b 5d b8 72 0b 8b d3 48
0x00007ffbf3ece099:   8d 4d b0 e8 6f b3 39 00 48 8b 45 c0 4c 89 2c d8
0x00007ffbf3ece0a9:   8b 7e 28 8b df c1 eb 05 3b 5d d0 72 0b 8b d3 48
0x00007ffbf3ece0b9:   8d 4d d0 e8 1f 59 56 00 48 8b 45 d8 83 e7 1f 48
0x00007ffbf3ece0c9:   8d 14 98 40 0f b6 cf 41 b8 01 00 00 00 41 d3 e0
0x00007ffbf3ece0d9:   8b 0a 8b c1 41 0b c0 89 02 41 85 c8 75 21 8b 5d
0x00007ffbf3ece0e9:   c8 8d 43 01 89 45 c8 3b 5d b8 72 0b 8b d3 48 8d
0x00007ffbf3ece0f9:   4d b0 e8 10 b3 39 00 48 8b 45 c0 48 89 34 d8 44
0x00007ffbf3ece109:   39 6d c8 0f 86 77 01 00 00 4c 89 a4 24 a0 00 00
0x00007ffbf3ece119:   00 4c 89 b4 24 a8 00 00 00 48 8b 45 c0 41 8b cd
0x00007ffbf3ece129:   48 8b 34 c8 8b 46 2c 25 ff 1f 00 00 3d 04 10 00
0x00007ffbf3ece139:   00 0f 85 a7 00 00 00 bb 01 00 00 00 39 5e 18 76
0x00007ffbf3ece149:   39 66 0f 1f 44 00 00 48 8b 46 08 8b cb 48 8b 14
0x00007ffbf3ece159:   c8 48 85 d2 74 1d 48 83 7a 10 00 74 16 80 7a 2c
0x00007ffbf3ece169:   84 74 10 e8 7f 7e ee ff 48 8b d0 49 8b cf e8 a4
0x00007ffbf3ece179:   61 f6 ff ff c3 3b 5e 18 72 cd 48 8b 5e 10 8b 46
0x00007ffbf3ece189:   20 4c 8d 34 c3 49 3b de 73 54 48 8b 3b 8b 47 2c
0x00007ffbf3ece199:   83 e0 03 3c 03 75 2e 48 8b 07 48 8b cf ff 90 88 


Stack slot to memory mapping:
stack at sp + 0 slots: 0x00000000000017ca is an unknown value
stack at sp + 1 slots: 0x0 is NULL
stack at sp + 2 slots: 0x00000014a10fe900 is pointing into the stack for thread: 0x000001db7b4f0060
stack at sp + 3 slots: 0x00007ffbf3e338d1 jvm.dll
stack at sp + 4 slots: 0x000001db78db49c0 points into unknown readable memory: 0x000001db00000006 | 06 00 00 00 db 01 00 00
stack at sp + 5 slots: 0x00007ffb00002000 is an unknown value
stack at sp + 6 slots: 0x000001db7cff46b0 points into unknown readable memory: 0x0000000000000000 | 00 00 00 00 00 00 00 00
stack at sp + 7 slots: 0x0 is NULL


---------------  P R O C E S S  ---------------

Threads class SMR info:
_java_thread_list=0x000001db7bec5540, length=92, elements={
0x000001db38dabdf0, 0x000001db5697c260, 0x000001db5697d0e0, 0x000001db5698f7e0,
0x000001db56991510, 0x000001db569942e0, 0x000001db56994ca0, 0x000001db56995a40,
0x000001db569964f0, 0x000001db56b00000, 0x000001db56b28020, 0x000001db56c44a10,
0x000001db771bbc60, 0x000001db76b24ae0, 0x000001db56ebc030, 0x000001db77bc7aa0,
0x000001db56d62d50, 0x000001db77134510, 0x000001db77132bc0, 0x000001db771330d0,
0x000001db77134a20, 0x000001db771335e0, 0x000001db77131c90, 0x000001db77134f30,
0x000001db771321a0, 0x000001db77134000, 0x000001db771326b0, 0x000001db77133af0,
0x000001db77423450, 0x000001db774266f0, 0x000001db77428040, 0x000001db77425cd0,
0x000001db77429990, 0x000001db77424da0, 0x000001db77428550, 0x000001db7742add0,
0x000001db77429ea0, 0x000001db77427b30, 0x000001db774261e0, 0x000001db774257c0,
0x000001db77423960, 0x000001db77427110, 0x000001db77428a60, 0x000001db77424890,
0x000001db77428f70, 0x000001db77429480, 0x000001db7742a8c0, 0x000001db77424380,
0x000001db78f354c0, 0x000001db78f3aad0, 0x000001db78f39180, 0x000001db78f3a5c0,
0x000001db78f3ba00, 0x000001db78f38c70, 0x000001db78f38760, 0x000001db78f3afe0,
0x000001db78f3a0b0, 0x000001db78f3b4f0, 0x000001db78f34590, 0x000001db78f34aa0,
0x000001db78f37d40, 0x000001db78f359d0, 0x000001db78f37830, 0x000001db7ab42d30,
0x000001db7ab42310, 0x000001db7ab418f0, 0x000001db7ab40ed0, 0x000001db7ab409c0,
0x000001db7ab404b0, 0x000001db7ab3fa90, 0x000001db7ab413e0, 0x000001db7ab41e00,
0x000001db7ab42820, 0x000001db7d324690, 0x000001db7d325ad0, 0x000001db7b4f0060,
0x000001db7d328860, 0x000001db7d329790, 0x000001db7d3264f0, 0x000001db7d325fe0,
0x000001db7d324ba0, 0x000001db7d323250, 0x000001db7d323c70, 0x000001db7d329ca0,
0x000001db7d32a1b0, 0x000001db7d3250b0, 0x000001db7d32abd0, 0x000001db7d323760,
0x000001db7d326a00, 0x000001db7d324180, 0x000001db7d326f10, 0x000001db7d3255c0
}

Java Threads: ( => current thread )
  0x000001db38dabdf0 JavaThread "main" [_thread_blocked, id=5520, stack(0x000000149d400000,0x000000149d500000)]
  0x000001db5697c260 JavaThread "Reference Handler" daemon [_thread_blocked, id=4356, stack(0x000000149db00000,0x000000149dc00000)]
  0x000001db5697d0e0 JavaThread "Finalizer" daemon [_thread_blocked, id=20096, stack(0x000000149dc00000,0x000000149dd00000)]
  0x000001db5698f7e0 JavaThread "Signal Dispatcher" daemon [_thread_blocked, id=5512, stack(0x000000149dd00000,0x000000149de00000)]
  0x000001db56991510 JavaThread "Attach Listener" daemon [_thread_blocked, id=592, stack(0x000000149de00000,0x000000149df00000)]
  0x000001db569942e0 JavaThread "Service Thread" daemon [_thread_blocked, id=12996, stack(0x000000149df00000,0x000000149e000000)]
  0x000001db56994ca0 JavaThread "Monitor Deflation Thread" daemon [_thread_blocked, id=16748, stack(0x000000149e000000,0x000000149e100000)]
  0x000001db56995a40 JavaThread "C2 CompilerThread0" daemon [_thread_in_native, id=16752, stack(0x000000149e100000,0x000000149e200000)]
  0x000001db569964f0 JavaThread "C1 CompilerThread0" daemon [_thread_blocked, id=7596, stack(0x000000149e200000,0x000000149e300000)]
  0x000001db56b00000 JavaThread "Sweeper thread" daemon [_thread_blocked, id=14800, stack(0x000000149e300000,0x000000149e400000)]
  0x000001db56b28020 JavaThread "Common-Cleaner" daemon [_thread_blocked, id=19964, stack(0x000000149e400000,0x000000149e500000)]
  0x000001db56c44a10 JavaThread "Notification Thread" daemon [_thread_blocked, id=15520, stack(0x000000149e500000,0x000000149e600000)]
  0x000001db771bbc60 JavaThread "Daemon health stats" [_thread_blocked, id=6764, stack(0x000000149e700000,0x000000149e800000)]
  0x000001db76b24ae0 JavaThread "Incoming local TCP Connector on port 9843" [_thread_in_native, id=14004, stack(0x000000149eb00000,0x000000149ec00000)]
  0x000001db56ebc030 JavaThread "Daemon periodic checks" [_thread_blocked, id=20904, stack(0x000000149ec00000,0x000000149ed00000)]
  0x000001db77bc7aa0 JavaThread "Daemon" [_thread_blocked, id=15200, stack(0x000000149ee00000,0x000000149ef00000)]
  0x000001db56d62d50 JavaThread "Handler for socket connection from /127.0.0.1:9843 to /127.0.0.1:9844" [_thread_in_native, id=13604, stack(0x000000149ef00000,0x000000149f000000)]
  0x000001db77134510 JavaThread "Cancel handler" [_thread_blocked, id=1844, stack(0x000000149ed00000,0x000000149ee00000)]
  0x000001db77132bc0 JavaThread "Daemon worker" [_thread_blocked, id=15824, stack(0x000000149f000000,0x000000149f100000)]
  0x000001db771330d0 JavaThread "Asynchronous log dispatcher for DefaultDaemonConnection: socket connection from /127.0.0.1:9843 to /127.0.0.1:9844" [_thread_blocked, id=7912, stack(0x000000149f100000,0x000000149f200000)]
  0x000001db77134a20 JavaThread "Stdin handler" [_thread_blocked, id=8216, stack(0x000000149f200000,0x000000149f300000)]
  0x000001db771335e0 JavaThread "Daemon client event forwarder" [_thread_blocked, id=16480, stack(0x000000149f300000,0x000000149f400000)]
  0x000001db77131c90 JavaThread "Cache worker for journal cache (C:\Users\user\.gradle\caches\journal-1)" [_thread_blocked, id=10512, stack(0x000000149f400000,0x000000149f500000)]
  0x000001db77134f30 JavaThread "File lock request listener" [_thread_in_native, id=3712, stack(0x000000149f500000,0x000000149f600000)]
  0x000001db771321a0 JavaThread "Cache worker for file hash cache (C:\Users\user\.gradle\caches\8.3\fileHashes)" [_thread_in_native, id=10304, stack(0x000000149f600000,0x000000149f700000)]
  0x000001db77134000 JavaThread "File watcher server" daemon [_thread_in_native, id=10028, stack(0x000000149f700000,0x000000149f800000)]
  0x000001db771326b0 JavaThread "File watcher consumer" daemon [_thread_blocked, id=14608, stack(0x000000149f800000,0x000000149f900000)]
  0x000001db77133af0 JavaThread "Cache worker for checksums cache (C:\Users\user\Desktop\NEWSPAY\NewsPay\android\.gradle\8.3\checksums)" [_thread_blocked, id=15652, stack(0x000000149f900000,0x000000149fa00000)]
  0x000001db77423450 JavaThread "Cache worker for file hash cache (C:\Users\user\Desktop\NEWSPAY\NewsPay\android\.gradle\8.3\fileHashes)" [_thread_blocked, id=9464, stack(0x000000149fa00000,0x000000149fb00000)]
  0x000001db774266f0 JavaThread "Cache worker for cache directory md-supplier (C:\Users\user\.gradle\caches\8.3\md-supplier)" [_thread_blocked, id=6036, stack(0x000000149fb00000,0x000000149fc00000)]
  0x000001db77428040 JavaThread "Cache worker for file content cache (C:\Users\user\.gradle\caches\8.3\fileContent)" [_thread_blocked, id=17316, stack(0x000000149fc00000,0x000000149fd00000)]
  0x000001db77425cd0 JavaThread "Cache worker for cache directory md-rule (C:\Users\user\.gradle\caches\8.3\md-rule)" [_thread_blocked, id=20884, stack(0x000000149fd00000,0x000000149fe00000)]
  0x000001db77429990 JavaThread "Cache worker for execution history cache (C:\Users\user\.gradle\caches\8.3\executionHistory)" [_thread_blocked, id=13588, stack(0x000000149fe00000,0x000000149ff00000)]
  0x000001db77424da0 JavaThread "jar transforms" [_thread_blocked, id=3444, stack(0x000000149ff00000,0x00000014a0000000)]
  0x000001db77428550 JavaThread "jar transforms Thread 2" [_thread_blocked, id=17160, stack(0x00000014a0000000,0x00000014a0100000)]
  0x000001db7742add0 JavaThread "jar transforms Thread 3" [_thread_blocked, id=10768, stack(0x00000014a0100000,0x00000014a0200000)]
  0x000001db77429ea0 JavaThread "jar transforms Thread 4" [_thread_blocked, id=14368, stack(0x00000014a0300000,0x00000014a0400000)]
  0x000001db77427b30 JavaThread "Cache worker for kotlin-dsl (C:\Users\user\.gradle\caches\8.3\kotlin-dsl)" [_thread_blocked, id=21456, stack(0x00000014a0600000,0x00000014a0700000)]
  0x000001db774261e0 JavaThread "Unconstrained build operations" [_thread_blocked, id=14436, stack(0x000000149d100000,0x000000149d200000)]
  0x000001db774257c0 JavaThread "Unconstrained build operations Thread 2" [_thread_blocked, id=20352, stack(0x00000014a0500000,0x00000014a0600000)]
  0x000001db77423960 JavaThread "Cache worker for dependencies-accessors (C:\Users\user\Desktop\NEWSPAY\NewsPay\android\.gradle\8.3\dependencies-accessors)" [_thread_blocked, id=4840, stack(0x00000014a0800000,0x00000014a0900000)]
  0x000001db77427110 JavaThread "Cache worker for Build Output Cleanup Cache (C:\Users\user\Desktop\NEWSPAY\NewsPay\node_modules\@react-native\gradle-plugin\.gradle\buildOutputCleanup)" [_thread_blocked, id=1520, stack(0x00000014a0900000,0x00000014a0a00000)]
  0x000001db77428a60 JavaThread "Unconstrained build operations Thread 3" [_thread_blocked, id=2992, stack(0x00000014a0700000,0x00000014a0800000)]
  0x000001db77424890 JavaThread "Unconstrained build operations Thread 4" [_thread_blocked, id=1360, stack(0x00000014a0a00000,0x00000014a0b00000)]
  0x000001db77428f70 JavaThread "Unconstrained build operations Thread 5" [_thread_blocked, id=14756, stack(0x00000014a0b00000,0x00000014a0c00000)]
  0x000001db77429480 JavaThread "Memory manager" [_thread_blocked, id=14536, stack(0x00000014a0d00000,0x00000014a0e00000)]
  0x000001db7742a8c0 JavaThread "Cache worker for Build Output Cleanup Cache (C:\Users\user\Desktop\NEWSPAY\NewsPay\android\.gradle\buildOutputCleanup)" [_thread_blocked, id=11940, stack(0x00000014a0e00000,0x00000014a0f00000)]
  0x000001db77424380 JavaThread "ForkJoinPool.commonPool-worker-1" daemon [_thread_blocked, id=1912, stack(0x00000014a0f00000,0x00000014a1000000)]
  0x000001db78f354c0 JavaThread "ForkJoinPool.commonPool-worker-3" daemon [_thread_blocked, id=14736, stack(0x00000014a1100000,0x00000014a1200000)]
  0x000001db78f3aad0 JavaThread "Execution worker" [_thread_blocked, id=13932, stack(0x00000014a1300000,0x00000014a1400000)]
  0x000001db78f39180 JavaThread "Execution worker Thread 2" [_thread_in_native, id=13288, stack(0x00000014a1400000,0x00000014a1500000)]
  0x000001db78f3a5c0 JavaThread "Execution worker Thread 3" [_thread_blocked, id=13632, stack(0x00000014a1500000,0x00000014a1600000)]
  0x000001db78f3ba00 JavaThread "Cache worker for execution history cache (C:\Users\user\Desktop\NEWSPAY\NewsPay\node_modules\@react-native\gradle-plugin\.gradle\8.3\executionHistory)" [_thread_blocked, id=9680, stack(0x00000014a0c00000,0x00000014a0d00000)]
  0x000001db78f38c70 JavaThread "Unconstrained build operations Thread 6" [_thread_blocked, id=21100, stack(0x00000014a1700000,0x00000014a1800000)]
  0x000001db78f38760 JavaThread "Unconstrained build operations Thread 7" [_thread_blocked, id=9792, stack(0x00000014a1800000,0x00000014a1900000)]
  0x000001db78f3afe0 JavaThread "Unconstrained build operations Thread 8" [_thread_blocked, id=19208, stack(0x00000014a1900000,0x00000014a1a00000)]
  0x000001db78f3a0b0 JavaThread "Unconstrained build operations Thread 9" [_thread_blocked, id=12776, stack(0x00000014a1a00000,0x00000014a1b00000)]
  0x000001db78f3b4f0 JavaThread "Unconstrained build operations Thread 10" [_thread_in_native, id=18496, stack(0x00000014a1b00000,0x00000014a1c00000)]
  0x000001db78f34590 JavaThread "Unconstrained build operations Thread 11" [_thread_blocked, id=20188, stack(0x00000014a1c00000,0x00000014a1d00000)]
  0x000001db78f34aa0 JavaThread "Unconstrained build operations Thread 12" [_thread_blocked, id=18828, stack(0x00000014a1d00000,0x00000014a1e00000)]
  0x000001db78f37d40 JavaThread "Unconstrained build operations Thread 13" [_thread_blocked, id=18544, stack(0x00000014a1e00000,0x00000014a1f00000)]
  0x000001db78f359d0 JavaThread "Unconstrained build operations Thread 14" [_thread_blocked, id=17320, stack(0x00000014a1f00000,0x00000014a2000000)]
  0x000001db78f37830 JavaThread "Unconstrained build operations Thread 15" [_thread_blocked, id=18876, stack(0x00000014a1600000,0x00000014a1700000)]
  0x000001db7ab42d30 JavaThread "Unconstrained build operations Thread 16" [_thread_blocked, id=3504, stack(0x00000014a2000000,0x00000014a2100000)]
  0x000001db7ab42310 JavaThread "Unconstrained build operations Thread 17" [_thread_blocked, id=9608, stack(0x00000014a2100000,0x00000014a2200000)]
  0x000001db7ab418f0 JavaThread "Unconstrained build operations Thread 18" [_thread_blocked, id=20744, stack(0x00000014a2400000,0x00000014a2500000)]
  0x000001db7ab40ed0 JavaThread "Unconstrained build operations Thread 19" [_thread_blocked, id=13340, stack(0x00000014a2500000,0x00000014a2600000)]
  0x000001db7ab409c0 JavaThread "Unconstrained build operations Thread 20" [_thread_blocked, id=19972, stack(0x00000014a2600000,0x00000014a2700000)]
  0x000001db7ab404b0 JavaThread "Unconstrained build operations Thread 21" [_thread_blocked, id=9764, stack(0x00000014a2700000,0x00000014a2800000)]
  0x000001db7ab3fa90 JavaThread "Unconstrained build operations Thread 22" [_thread_blocked, id=13172, stack(0x00000014a2800000,0x00000014a2900000)]
  0x000001db7ab413e0 JavaThread "Unconstrained build operations Thread 23" [_thread_blocked, id=9540, stack(0x00000014a2900000,0x00000014a2a00000)]
  0x000001db7ab41e00 JavaThread "Unconstrained build operations Thread 24" [_thread_blocked, id=18716, stack(0x00000014a2300000,0x00000014a2400000)]
  0x000001db7ab42820 JavaThread "Unconstrained build operations Thread 25" [_thread_blocked, id=13156, stack(0x00000014a2a00000,0x00000014a2b00000)]
  0x000001db7d324690 JavaThread "Unconstrained build operations Thread 26" [_thread_blocked, id=17480, stack(0x00000014a2b00000,0x00000014a2c00000)]
  0x000001db7d325ad0 JavaThread "ForkJoinPool.commonPool-worker-4" daemon [_thread_blocked, id=12152, stack(0x00000014a2c00000,0x00000014a2d00000)]
=>0x000001db7b4f0060 JavaThread "C2 CompilerThread1" daemon [_thread_in_native, id=7988, stack(0x00000014a1000000,0x00000014a1100000)]
  0x000001db7d328860 JavaThread "included builds Thread 2" [_thread_blocked, id=15284, stack(0x00000014a1200000,0x00000014a1300000)]
  0x000001db7d329790 JavaThread "Unconstrained build operations Thread 27" [_thread_blocked, id=15396, stack(0x00000014a2d00000,0x00000014a2e00000)]
  0x000001db7d3264f0 JavaThread "Unconstrained build operations Thread 28" [_thread_blocked, id=15168, stack(0x00000014a2e00000,0x00000014a2f00000)]
  0x000001db7d325fe0 JavaThread "Unconstrained build operations Thread 29" [_thread_blocked, id=2180, stack(0x00000014a2f00000,0x00000014a3000000)]
  0x000001db7d324ba0 JavaThread "Unconstrained build operations Thread 30" [_thread_blocked, id=15364, stack(0x00000014a3000000,0x00000014a3100000)]
  0x000001db7d323250 JavaThread "Unconstrained build operations Thread 31" [_thread_blocked, id=15992, stack(0x00000014a3100000,0x00000014a3200000)]
  0x000001db7d323c70 JavaThread "Unconstrained build operations Thread 32" [_thread_blocked, id=11608, stack(0x00000014a3200000,0x00000014a3300000)]
  0x000001db7d329ca0 JavaThread "Unconstrained build operations Thread 33" [_thread_blocked, id=14916, stack(0x00000014a3300000,0x00000014a3400000)]
  0x000001db7d32a1b0 JavaThread "Unconstrained build operations Thread 34" [_thread_blocked, id=6332, stack(0x00000014a3400000,0x00000014a3500000)]
  0x000001db7d3250b0 JavaThread "Unconstrained build operations Thread 35" [_thread_blocked, id=21304, stack(0x00000014a3500000,0x00000014a3600000)]
  0x000001db7d32abd0 JavaThread "Unconstrained build operations Thread 36" [_thread_blocked, id=20400, stack(0x00000014a3600000,0x00000014a3700000)]
  0x000001db7d323760 JavaThread "Unconstrained build operations Thread 37" [_thread_blocked, id=13684, stack(0x00000014a3700000,0x00000014a3800000)]
  0x000001db7d326a00 JavaThread "Unconstrained build operations Thread 38" [_thread_blocked, id=5340, stack(0x00000014a3800000,0x00000014a3900000)]
  0x000001db7d324180 JavaThread "Unconstrained build operations Thread 39" [_thread_blocked, id=6532, stack(0x00000014a3900000,0x00000014a3a00000)]
  0x000001db7d326f10 JavaThread "Unconstrained build operations Thread 40" [_thread_blocked, id=3456, stack(0x00000014a3a00000,0x00000014a3b00000)]
  0x000001db7d3255c0 JavaThread "Cache worker for execution history cache (C:\Users\user\Desktop\NEWSPAY\NewsPay\android\.gradle\8.3\executionHistory)" [_thread_blocked, id=9832, stack(0x00000014a3b00000,0x00000014a3c00000)]

Other Threads:
  0x000001db56976370 VMThread "VM Thread" [stack: 0x000000149da00000,0x000000149db00000] [id=18436]
  0x000001db38e27b60 WatcherThread [stack: 0x000000149e600000,0x000000149e700000] [id=19544]
  0x000001db38e064e0 GCTaskThread "GC Thread#0" [stack: 0x000000149d500000,0x000000149d600000] [id=19292]
  0x000001db56e65bf0 GCTaskThread "GC Thread#1" [stack: 0x000000149e800000,0x000000149e900000] [id=1172]
  0x000001db76316080 GCTaskThread "GC Thread#2" [stack: 0x000000149e900000,0x000000149ea00000] [id=5796]
  0x000001db76177450 GCTaskThread "GC Thread#3" [stack: 0x000000149ea00000,0x000000149eb00000] [id=10120]
  0x000001db38e17bd0 ConcurrentGCThread "G1 Main Marker" [stack: 0x000000149d600000,0x000000149d700000] [id=4932]
  0x000001db38e185e0 ConcurrentGCThread "G1 Conc#0" [stack: 0x000000149d700000,0x000000149d800000] [id=3316]
  0x000001db5682e150 ConcurrentGCThread "G1 Refine#0" [stack: 0x000000149d800000,0x000000149d900000] [id=3136]
  0x000001db772d7d60 ConcurrentGCThread "G1 Refine#1" [stack: 0x000000149d200000,0x000000149d300000] [id=13480]
  0x000001db7b710c70 ConcurrentGCThread "G1 Refine#2" [stack: 0x00000014a0200000,0x00000014a0300000] [id=2080]
  0x000001db5682fb90 ConcurrentGCThread "G1 Service" [stack: 0x000000149d900000,0x000000149da00000] [id=14776]

Threads with active compile tasks:
C2 CompilerThread0   168966 15989       4       org.gradle.cache.internal.ExclusiveCacheAccessingWorker$1::call (10 bytes)
C2 CompilerThread1   168967 15990       4       org.gradle.cache.internal.AsyncCacheAccessDecoratedCache$$Lambda$512/0x000001db58480f58::create (12 bytes)

VM state: not at safepoint (normal execution)

VM Mutex/Monitor currently owned by a thread: None

Heap address: 0x0000000080000000, size: 2048 MB, Compressed Oops mode: 32-bit

CDS archive(s) mapped at: [0x000001db57000000-0x000001db57bd0000-0x000001db57bd0000), size 12386304, SharedBaseAddress: 0x000001db57000000, ArchiveRelocationMode: 1.
Compressed class space mapped at: 0x000001db58000000-0x000001db72000000, reserved size: 436207616
Narrow klass base: 0x000001db57000000, Narrow klass shift: 0, Narrow klass range: 0x100000000

GC Precious Log:
 CPUs: 4 total, 4 available
 Memory: 12168M
 Large Page Support: Disabled
 NUMA Support: Disabled
 Compressed Oops: Enabled (32-bit)
 Heap Region Size: 1M
 Heap Min Capacity: 8M
 Heap Initial Capacity: 192M
 Heap Max Capacity: 2G
 Pre-touch: Disabled
 Parallel Workers: 4
 Concurrent Workers: 1
 Concurrent Refinement Workers: 4
 Periodic GC: Disabled

Heap:
 garbage-first heap   total 253952K, used 194240K [0x0000000080000000, 0x0000000100000000)
  region size 1024K, 11 young (11264K), 3 survivors (3072K)
 Metaspace       used 105023K, committed 106240K, reserved 557056K
  class space    used 14572K, committed 15168K, reserved 425984K

Heap Regions: E=young(eden), S=young(survivor), O=old, HS=humongous(starts), HC=humongous(continues), CS=collection set, F=free, OA=open archive, CA=closed archive, TAMS=top-at-mark-start (previous, next)
|   0|0x0000000080000000, 0x0000000080100000, 0x0000000080100000|100%| O|  |TAMS 0x0000000080100000, 0x0000000080000000| Untracked 
|   1|0x0000000080100000, 0x0000000080200000, 0x0000000080200000|100%| O|  |TAMS 0x0000000080200000, 0x0000000080100000| Untracked 
|   2|0x0000000080200000, 0x0000000080300000, 0x0000000080300000|100%|HS|  |TAMS 0x0000000080300000, 0x0000000080200000| Complete 
|   3|0x0000000080300000, 0x0000000080400000, 0x0000000080400000|100%|HC|  |TAMS 0x0000000080400000, 0x0000000080300000| Complete 
|   4|0x0000000080400000, 0x0000000080500000, 0x0000000080500000|100%|HC|  |TAMS 0x0000000080500000, 0x0000000080400000| Complete 
|   5|0x0000000080500000, 0x0000000080600000, 0x0000000080600000|100%|HC|  |TAMS 0x0000000080600000, 0x0000000080500000| Complete 
|   6|0x0000000080600000, 0x0000000080700000, 0x0000000080700000|100%| O|  |TAMS 0x0000000080700000, 0x0000000080600000| Untracked 
|   7|0x0000000080700000, 0x0000000080800000, 0x0000000080800000|100%| O|  |TAMS 0x0000000080800000, 0x0000000080700000| Untracked 
|   8|0x0000000080800000, 0x0000000080900000, 0x0000000080900000|100%| O|  |TAMS 0x0000000080900000, 0x0000000080800000| Untracked 
|   9|0x0000000080900000, 0x0000000080a00000, 0x0000000080a00000|100%| O|  |TAMS 0x0000000080a00000, 0x0000000080900000| Untracked 
|  10|0x0000000080a00000, 0x0000000080b00000, 0x0000000080b00000|100%|HS|  |TAMS 0x0000000080a00000, 0x0000000080a00000| Complete 
|  11|0x0000000080b00000, 0x0000000080c00000, 0x0000000080c00000|100%| O|  |TAMS 0x0000000080c00000, 0x0000000080b00000| Untracked 
|  12|0x0000000080c00000, 0x0000000080d00000, 0x0000000080d00000|100%| O|  |TAMS 0x0000000080d00000, 0x0000000080c00000| Untracked 
|  13|0x0000000080d00000, 0x0000000080e00000, 0x0000000080e00000|100%| O|  |TAMS 0x0000000080e00000, 0x0000000080d00000| Untracked 
|  14|0x0000000080e00000, 0x0000000080f00000, 0x0000000080f00000|100%| O|  |TAMS 0x0000000080f00000, 0x0000000080e00000| Untracked 
|  15|0x0000000080f00000, 0x0000000081000000, 0x0000000081000000|100%| O|  |TAMS 0x0000000081000000, 0x0000000080f00000| Untracked 
|  16|0x0000000081000000, 0x0000000081100000, 0x0000000081100000|100%| O|  |TAMS 0x0000000081100000, 0x0000000081000000| Untracked 
|  17|0x0000000081100000, 0x0000000081200000, 0x0000000081200000|100%| O|  |TAMS 0x0000000081200000, 0x0000000081100000| Untracked 
|  18|0x0000000081200000, 0x0000000081300000, 0x0000000081300000|100%| O|  |TAMS 0x0000000081300000, 0x0000000081200000| Untracked 
|  19|0x0000000081300000, 0x0000000081400000, 0x0000000081400000|100%| O|  |TAMS 0x0000000081400000, 0x0000000081300000| Untracked 
|  20|0x0000000081400000, 0x0000000081500000, 0x0000000081500000|100%| O|  |TAMS 0x0000000081500000, 0x0000000081400000| Untracked 
|  21|0x0000000081500000, 0x0000000081600000, 0x0000000081600000|100%| O|  |TAMS 0x0000000081600000, 0x0000000081500000| Untracked 
|  22|0x0000000081600000, 0x0000000081700000, 0x0000000081700000|100%| O|  |TAMS 0x0000000081700000, 0x0000000081600000| Untracked 
|  23|0x0000000081700000, 0x0000000081800000, 0x0000000081800000|100%| O|  |TAMS 0x0000000081800000, 0x0000000081700000| Untracked 
|  24|0x0000000081800000, 0x0000000081900000, 0x0000000081900000|100%| O|  |TAMS 0x0000000081900000, 0x0000000081800000| Untracked 
|  25|0x0000000081900000, 0x0000000081a00000, 0x0000000081a00000|100%| O|  |TAMS 0x0000000081a00000, 0x0000000081900000| Untracked 
|  26|0x0000000081a00000, 0x0000000081b00000, 0x0000000081b00000|100%| O|  |TAMS 0x0000000081b00000, 0x0000000081a00000| Untracked 
|  27|0x0000000081b00000, 0x0000000081c00000, 0x0000000081c00000|100%| O|  |TAMS 0x0000000081c00000, 0x0000000081b00000| Untracked 
|  28|0x0000000081c00000, 0x0000000081d00000, 0x0000000081d00000|100%| O|  |TAMS 0x0000000081d00000, 0x0000000081c00000| Untracked 
|  29|0x0000000081d00000, 0x0000000081e00000, 0x0000000081e00000|100%| O|  |TAMS 0x0000000081e00000, 0x0000000081d00000| Untracked 
|  30|0x0000000081e00000, 0x0000000081f00000, 0x0000000081f00000|100%| O|  |TAMS 0x0000000081f00000, 0x0000000081e00000| Untracked 
|  31|0x0000000081f00000, 0x0000000082000000, 0x0000000082000000|100%| O|  |TAMS 0x0000000082000000, 0x0000000081f00000| Untracked 
|  32|0x0000000082000000, 0x0000000082100000, 0x0000000082100000|100%| O|  |TAMS 0x0000000082100000, 0x0000000082000000| Untracked 
|  33|0x0000000082100000, 0x0000000082200000, 0x0000000082200000|100%| O|  |TAMS 0x0000000082200000, 0x0000000082100000| Untracked 
|  34|0x0000000082200000, 0x0000000082300000, 0x0000000082300000|100%| O|  |TAMS 0x0000000082300000, 0x0000000082200000| Untracked 
|  35|0x0000000082300000, 0x0000000082400000, 0x0000000082400000|100%| O|  |TAMS 0x0000000082400000, 0x0000000082300000| Untracked 
|  36|0x0000000082400000, 0x0000000082500000, 0x0000000082500000|100%| O|  |TAMS 0x0000000082500000, 0x0000000082400000| Untracked 
|  37|0x0000000082500000, 0x0000000082600000, 0x0000000082600000|100%| O|  |TAMS 0x0000000082600000, 0x0000000082500000| Untracked 
|  38|0x0000000082600000, 0x0000000082700000, 0x0000000082700000|100%| O|  |TAMS 0x0000000082700000, 0x0000000082600000| Untracked 
|  39|0x0000000082700000, 0x0000000082800000, 0x0000000082800000|100%| O|  |TAMS 0x0000000082800000, 0x0000000082700000| Untracked 
|  40|0x0000000082800000, 0x0000000082900000, 0x0000000082900000|100%|HS|  |TAMS 0x0000000082900000, 0x0000000082800000| Complete 
|  41|0x0000000082900000, 0x0000000082a00000, 0x0000000082a00000|100%|HC|  |TAMS 0x0000000082a00000, 0x0000000082900000| Complete 
|  42|0x0000000082a00000, 0x0000000082b00000, 0x0000000082b00000|100%|HS|  |TAMS 0x0000000082b00000, 0x0000000082a00000| Complete 
|  43|0x0000000082b00000, 0x0000000082c00000, 0x0000000082c00000|100%|HC|  |TAMS 0x0000000082c00000, 0x0000000082b00000| Complete 
|  44|0x0000000082c00000, 0x0000000082d00000, 0x0000000082d00000|100%|HS|  |TAMS 0x0000000082d00000, 0x0000000082c00000| Complete 
|  45|0x0000000082d00000, 0x0000000082e00000, 0x0000000082e00000|100%|HC|  |TAMS 0x0000000082e00000, 0x0000000082d00000| Complete 
|  46|0x0000000082e00000, 0x0000000082f00000, 0x0000000082f00000|100%|HC|  |TAMS 0x0000000082f00000, 0x0000000082e00000| Complete 
|  47|0x0000000082f00000, 0x0000000083000000, 0x0000000083000000|100%|HC|  |TAMS 0x0000000083000000, 0x0000000082f00000| Complete 
|  48|0x0000000083000000, 0x0000000083100000, 0x0000000083100000|100%| O|  |TAMS 0x0000000083100000, 0x0000000083000000| Untracked 
|  49|0x0000000083100000, 0x0000000083200000, 0x0000000083200000|100%| O|  |TAMS 0x0000000083200000, 0x0000000083100000| Untracked 
|  50|0x0000000083200000, 0x0000000083300000, 0x0000000083300000|100%| O|  |TAMS 0x0000000083300000, 0x0000000083200000| Untracked 
|  51|0x0000000083300000, 0x0000000083400000, 0x0000000083400000|100%| O|  |TAMS 0x0000000083400000, 0x0000000083300000| Untracked 
|  52|0x0000000083400000, 0x0000000083500000, 0x0000000083500000|100%| O|  |TAMS 0x0000000083500000, 0x0000000083400000| Untracked 
|  53|0x0000000083500000, 0x0000000083600000, 0x0000000083600000|100%|HS|  |TAMS 0x0000000083600000, 0x0000000083500000| Complete 
|  54|0x0000000083600000, 0x0000000083700000, 0x0000000083700000|100%|HC|  |TAMS 0x0000000083700000, 0x0000000083600000| Complete 
|  55|0x0000000083700000, 0x0000000083800000, 0x0000000083800000|100%|HC|  |TAMS 0x0000000083800000, 0x0000000083700000| Complete 
|  56|0x0000000083800000, 0x0000000083900000, 0x0000000083900000|100%|HC|  |TAMS 0x0000000083900000, 0x0000000083800000| Complete 
|  57|0x0000000083900000, 0x0000000083a00000, 0x0000000083a00000|100%| O|  |TAMS 0x0000000083a00000, 0x0000000083900000| Untracked 
|  58|0x0000000083a00000, 0x0000000083b00000, 0x0000000083b00000|100%| O|  |TAMS 0x0000000083b00000, 0x0000000083a00000| Untracked 
|  59|0x0000000083b00000, 0x0000000083c00000, 0x0000000083c00000|100%| O|  |TAMS 0x0000000083c00000, 0x0000000083b00000| Untracked 
|  60|0x0000000083c00000, 0x0000000083d00000, 0x0000000083d00000|100%| O|  |TAMS 0x0000000083d00000, 0x0000000083c00000| Untracked 
|  61|0x0000000083d00000, 0x0000000083e00000, 0x0000000083e00000|100%| O|  |TAMS 0x0000000083e00000, 0x0000000083d00000| Untracked 
|  62|0x0000000083e00000, 0x0000000083f00000, 0x0000000083f00000|100%| O|  |TAMS 0x0000000083f00000, 0x0000000083e00000| Untracked 
|  63|0x0000000083f00000, 0x0000000084000000, 0x0000000084000000|100%|HS|  |TAMS 0x0000000084000000, 0x0000000083f00000| Complete 
|  64|0x0000000084000000, 0x0000000084100000, 0x0000000084100000|100%|HS|  |TAMS 0x0000000084100000, 0x0000000084000000| Complete 
|  65|0x0000000084100000, 0x0000000084200000, 0x0000000084200000|100%|HS|  |TAMS 0x0000000084200000, 0x0000000084100000| Complete 
|  66|0x0000000084200000, 0x0000000084300000, 0x0000000084300000|100%| O|  |TAMS 0x0000000084300000, 0x0000000084200000| Untracked 
|  67|0x0000000084300000, 0x0000000084400000, 0x0000000084400000|100%|HS|  |TAMS 0x0000000084400000, 0x0000000084300000| Complete 
|  68|0x0000000084400000, 0x0000000084500000, 0x0000000084500000|100%| O|  |TAMS 0x0000000084500000, 0x0000000084400000| Untracked 
|  69|0x0000000084500000, 0x0000000084600000, 0x0000000084600000|100%| O|  |TAMS 0x0000000084600000, 0x0000000084500000| Untracked 
|  70|0x0000000084600000, 0x0000000084700000, 0x0000000084700000|100%| O|  |TAMS 0x0000000084700000, 0x0000000084600000| Untracked 
|  71|0x0000000084700000, 0x0000000084800000, 0x0000000084800000|100%| O|  |TAMS 0x0000000084800000, 0x0000000084700000| Untracked 
|  72|0x0000000084800000, 0x0000000084900000, 0x0000000084900000|100%| O|  |TAMS 0x0000000084900000, 0x0000000084800000| Untracked 
|  73|0x0000000084900000, 0x0000000084a00000, 0x0000000084a00000|100%| O|  |TAMS 0x0000000084a00000, 0x0000000084900000| Untracked 
|  74|0x0000000084a00000, 0x0000000084b00000, 0x0000000084b00000|100%| O|  |TAMS 0x0000000084a00000, 0x0000000084a00000| Untracked 
|  75|0x0000000084b00000, 0x0000000084c00000, 0x0000000084c00000|100%| O|  |TAMS 0x0000000084c00000, 0x0000000084b00000| Untracked 
|  76|0x0000000084c00000, 0x0000000084d00000, 0x0000000084d00000|100%| O|  |TAMS 0x0000000084d00000, 0x0000000084c00000| Untracked 
|  77|0x0000000084d00000, 0x0000000084e00000, 0x0000000084e00000|100%| O|  |TAMS 0x0000000084e00000, 0x0000000084d00000| Untracked 
|  78|0x0000000084e00000, 0x0000000084f00000, 0x0000000084f00000|100%| O|  |TAMS 0x0000000084f00000, 0x0000000084e00000| Untracked 
|  79|0x0000000084f00000, 0x0000000085000000, 0x0000000085000000|100%| O|  |TAMS 0x0000000085000000, 0x0000000084f00000| Untracked 
|  80|0x0000000085000000, 0x0000000085100000, 0x0000000085100000|100%| O|  |TAMS 0x0000000085100000, 0x0000000085000000| Untracked 
|  81|0x0000000085100000, 0x0000000085200000, 0x0000000085200000|100%| O|  |TAMS 0x0000000085200000, 0x0000000085100000| Untracked 
|  82|0x0000000085200000, 0x0000000085300000, 0x0000000085300000|100%| O|  |TAMS 0x0000000085300000, 0x0000000085200000| Untracked 
|  83|0x0000000085300000, 0x0000000085400000, 0x0000000085400000|100%| O|  |TAMS 0x0000000085400000, 0x0000000085300000| Untracked 
|  84|0x0000000085400000, 0x0000000085500000, 0x0000000085500000|100%| O|  |TAMS 0x000000008547ce00, 0x0000000085400000| Untracked 
|  85|0x0000000085500000, 0x0000000085600000, 0x0000000085600000|100%| O|  |TAMS 0x0000000085500000, 0x0000000085500000| Untracked 
|  86|0x0000000085600000, 0x0000000085700000, 0x0000000085700000|100%| O|  |TAMS 0x0000000085600000, 0x0000000085600000| Untracked 
|  87|0x0000000085700000, 0x0000000085800000, 0x0000000085800000|100%| O|  |TAMS 0x0000000085700000, 0x0000000085700000| Untracked 
|  88|0x0000000085800000, 0x0000000085900000, 0x0000000085900000|100%| O|  |TAMS 0x0000000085800000, 0x0000000085800000| Untracked 
|  89|0x0000000085900000, 0x0000000085a00000, 0x0000000085a00000|100%| O|  |TAMS 0x0000000085900000, 0x0000000085900000| Untracked 
|  90|0x0000000085a00000, 0x0000000085b00000, 0x0000000085b00000|100%| O|  |TAMS 0x0000000085a00000, 0x0000000085a00000| Untracked 
|  91|0x0000000085b00000, 0x0000000085c00000, 0x0000000085c00000|100%| O|  |TAMS 0x0000000085b00000, 0x0000000085b00000| Untracked 
|  92|0x0000000085c00000, 0x0000000085d00000, 0x0000000085d00000|100%| O|  |TAMS 0x0000000085c00000, 0x0000000085c00000| Untracked 
|  93|0x0000000085d00000, 0x0000000085e00000, 0x0000000085e00000|100%|HS|  |TAMS 0x0000000085d00000, 0x0000000085d00000| Complete 
|  94|0x0000000085e00000, 0x0000000085f00000, 0x0000000085f00000|100%|HS|  |TAMS 0x0000000085e00000, 0x0000000085e00000| Complete 
|  95|0x0000000085f00000, 0x0000000086000000, 0x0000000086000000|100%|HC|  |TAMS 0x0000000085f00000, 0x0000000085f00000| Complete 
|  96|0x0000000086000000, 0x0000000086100000, 0x0000000086100000|100%| O|  |TAMS 0x0000000086000000, 0x0000000086000000| Untracked 
|  97|0x0000000086100000, 0x0000000086200000, 0x0000000086200000|100%| O|  |TAMS 0x0000000086100000, 0x0000000086100000| Untracked 
|  98|0x0000000086200000, 0x0000000086300000, 0x0000000086300000|100%| O|  |TAMS 0x0000000086200000, 0x0000000086200000| Untracked 
|  99|0x0000000086300000, 0x0000000086400000, 0x0000000086400000|100%| O|  |TAMS 0x0000000086300000, 0x0000000086300000| Untracked 
| 100|0x0000000086400000, 0x0000000086500000, 0x0000000086500000|100%| O|  |TAMS 0x0000000086400000, 0x0000000086400000| Untracked 
| 101|0x0000000086500000, 0x0000000086600000, 0x0000000086600000|100%| O|  |TAMS 0x0000000086500000, 0x0000000086500000| Untracked 
| 102|0x0000000086600000, 0x0000000086700000, 0x0000000086700000|100%| O|  |TAMS 0x0000000086600000, 0x0000000086600000| Untracked 
| 103|0x0000000086700000, 0x0000000086800000, 0x0000000086800000|100%| O|  |TAMS 0x0000000086700000, 0x0000000086700000| Untracked 
| 104|0x0000000086800000, 0x0000000086900000, 0x0000000086900000|100%| O|  |TAMS 0x0000000086800000, 0x0000000086800000| Untracked 
| 105|0x0000000086900000, 0x0000000086a00000, 0x0000000086a00000|100%|HS|  |TAMS 0x0000000086900000, 0x0000000086900000| Complete 
| 106|0x0000000086a00000, 0x0000000086b00000, 0x0000000086b00000|100%|HS|  |TAMS 0x0000000086a00000, 0x0000000086a00000| Complete 
| 107|0x0000000086b00000, 0x0000000086c00000, 0x0000000086c00000|100%|HS|  |TAMS 0x0000000086b00000, 0x0000000086b00000| Complete 
| 108|0x0000000086c00000, 0x0000000086d00000, 0x0000000086d00000|100%|HS|  |TAMS 0x0000000086c00000, 0x0000000086c00000| Complete 
| 109|0x0000000086d00000, 0x0000000086e00000, 0x0000000086e00000|100%| O|  |TAMS 0x0000000086d00000, 0x0000000086d00000| Untracked 
| 110|0x0000000086e00000, 0x0000000086f00000, 0x0000000086f00000|100%| O|  |TAMS 0x0000000086e00000, 0x0000000086e00000| Untracked 
| 111|0x0000000086f00000, 0x0000000087000000, 0x0000000087000000|100%| O|  |TAMS 0x0000000086f00000, 0x0000000086f00000| Untracked 
| 112|0x0000000087000000, 0x0000000087100000, 0x0000000087100000|100%| O|  |TAMS 0x0000000087000000, 0x0000000087000000| Untracked 
| 113|0x0000000087100000, 0x0000000087200000, 0x0000000087200000|100%| O|  |TAMS 0x0000000087100000, 0x0000000087100000| Untracked 
| 114|0x0000000087200000, 0x0000000087300000, 0x0000000087300000|100%| O|  |TAMS 0x0000000087200000, 0x0000000087200000| Untracked 
| 115|0x0000000087300000, 0x0000000087400000, 0x0000000087400000|100%| O|  |TAMS 0x0000000087300000, 0x0000000087300000| Untracked 
| 116|0x0000000087400000, 0x0000000087500000, 0x0000000087500000|100%| O|  |TAMS 0x0000000087400000, 0x0000000087400000| Untracked 
| 117|0x0000000087500000, 0x0000000087600000, 0x0000000087600000|100%| O|  |TAMS 0x0000000087500000, 0x0000000087500000| Untracked 
| 118|0x0000000087600000, 0x0000000087700000, 0x0000000087700000|100%| O|  |TAMS 0x0000000087600000, 0x0000000087600000| Untracked 
| 119|0x0000000087700000, 0x0000000087800000, 0x0000000087800000|100%| O|  |TAMS 0x0000000087700000, 0x0000000087700000| Untracked 
| 120|0x0000000087800000, 0x0000000087900000, 0x0000000087900000|100%| O|  |TAMS 0x0000000087800000, 0x0000000087800000| Untracked 
| 121|0x0000000087900000, 0x0000000087a00000, 0x0000000087a00000|100%| O|  |TAMS 0x0000000087900000, 0x0000000087900000| Untracked 
| 122|0x0000000087a00000, 0x0000000087b00000, 0x0000000087b00000|100%| O|  |TAMS 0x0000000087a00000, 0x0000000087a00000| Untracked 
| 123|0x0000000087b00000, 0x0000000087c00000, 0x0000000087c00000|100%| O|  |TAMS 0x0000000087b00000, 0x0000000087b00000| Untracked 
| 124|0x0000000087c00000, 0x0000000087d00000, 0x0000000087d00000|100%| O|  |TAMS 0x0000000087c00000, 0x0000000087c00000| Untracked 
| 125|0x0000000087d00000, 0x0000000087e00000, 0x0000000087e00000|100%| O|  |TAMS 0x0000000087d00000, 0x0000000087d00000| Untracked 
| 126|0x0000000087e00000, 0x0000000087f00000, 0x0000000087f00000|100%| O|  |TAMS 0x0000000087e00000, 0x0000000087e00000| Untracked 
| 127|0x0000000087f00000, 0x0000000088000000, 0x0000000088000000|100%|HS|  |TAMS 0x0000000087f00000, 0x0000000087f00000| Complete 
| 128|0x0000000088000000, 0x0000000088100000, 0x0000000088100000|100%| O|  |TAMS 0x0000000088000000, 0x0000000088000000| Untracked 
| 129|0x0000000088100000, 0x0000000088200000, 0x0000000088200000|100%| O|  |TAMS 0x0000000088100000, 0x0000000088100000| Untracked 
| 130|0x0000000088200000, 0x0000000088300000, 0x0000000088300000|100%| O|  |TAMS 0x0000000088200000, 0x0000000088200000| Untracked 
| 131|0x0000000088300000, 0x0000000088400000, 0x0000000088400000|100%| O|  |TAMS 0x0000000088300000, 0x0000000088300000| Untracked 
| 132|0x0000000088400000, 0x0000000088500000, 0x0000000088500000|100%| O|  |TAMS 0x0000000088400000, 0x0000000088400000| Untracked 
| 133|0x0000000088500000, 0x0000000088600000, 0x0000000088600000|100%| O|  |TAMS 0x0000000088500000, 0x0000000088500000| Untracked 
| 134|0x0000000088600000, 0x0000000088700000, 0x0000000088700000|100%| O|  |TAMS 0x0000000088600000, 0x0000000088600000| Untracked 
| 135|0x0000000088700000, 0x0000000088800000, 0x0000000088800000|100%| O|  |TAMS 0x0000000088700000, 0x0000000088700000| Untracked 
| 136|0x0000000088800000, 0x0000000088900000, 0x0000000088900000|100%| O|  |TAMS 0x0000000088800000, 0x0000000088800000| Untracked 
| 137|0x0000000088900000, 0x0000000088a00000, 0x0000000088a00000|100%| O|  |TAMS 0x0000000088900000, 0x0000000088900000| Untracked 
| 138|0x0000000088a00000, 0x0000000088b00000, 0x0000000088b00000|100%| O|  |TAMS 0x0000000088a00000, 0x0000000088a00000| Untracked 
| 139|0x0000000088b00000, 0x0000000088c00000, 0x0000000088c00000|100%| O|  |TAMS 0x0000000088b00000, 0x0000000088b00000| Untracked 
| 140|0x0000000088c00000, 0x0000000088d00000, 0x0000000088d00000|100%| O|  |TAMS 0x0000000088c00000, 0x0000000088c00000| Untracked 
| 141|0x0000000088d00000, 0x0000000088e00000, 0x0000000088e00000|100%| O|  |TAMS 0x0000000088d00000, 0x0000000088d00000| Untracked 
| 142|0x0000000088e00000, 0x0000000088f00000, 0x0000000088f00000|100%| O|  |TAMS 0x0000000088e00000, 0x0000000088e00000| Untracked 
| 143|0x0000000088f00000, 0x0000000089000000, 0x0000000089000000|100%| O|  |TAMS 0x0000000088f00000, 0x0000000088f00000| Untracked 
| 144|0x0000000089000000, 0x0000000089100000, 0x0000000089100000|100%| O|  |TAMS 0x0000000089000000, 0x0000000089000000| Untracked 
| 145|0x0000000089100000, 0x0000000089200000, 0x0000000089200000|100%| O|  |TAMS 0x0000000089100000, 0x0000000089100000| Untracked 
| 146|0x0000000089200000, 0x0000000089300000, 0x0000000089300000|100%| O|  |TAMS 0x0000000089200000, 0x0000000089200000| Untracked 
| 147|0x0000000089300000, 0x0000000089400000, 0x0000000089400000|100%| O|  |TAMS 0x0000000089300000, 0x0000000089300000| Untracked 
| 148|0x0000000089400000, 0x0000000089500000, 0x0000000089500000|100%| O|  |TAMS 0x0000000089400000, 0x0000000089400000| Untracked 
| 149|0x0000000089500000, 0x0000000089600000, 0x0000000089600000|100%| O|  |TAMS 0x0000000089500000, 0x0000000089500000| Untracked 
| 150|0x0000000089600000, 0x0000000089700000, 0x0000000089700000|100%| O|  |TAMS 0x0000000089600000, 0x0000000089600000| Untracked 
| 151|0x0000000089700000, 0x0000000089800000, 0x0000000089800000|100%| O|  |TAMS 0x0000000089700000, 0x0000000089700000| Untracked 
| 152|0x0000000089800000, 0x0000000089900000, 0x0000000089900000|100%| O|  |TAMS 0x0000000089800000, 0x0000000089800000| Untracked 
| 153|0x0000000089900000, 0x0000000089a00000, 0x0000000089a00000|100%| O|  |TAMS 0x0000000089900000, 0x0000000089900000| Untracked 
| 154|0x0000000089a00000, 0x0000000089b00000, 0x0000000089b00000|100%| O|  |TAMS 0x0000000089a00000, 0x0000000089a00000| Untracked 
| 155|0x0000000089b00000, 0x0000000089c00000, 0x0000000089c00000|100%| O|  |TAMS 0x0000000089b00000, 0x0000000089b00000| Untracked 
| 156|0x0000000089c00000, 0x0000000089d00000, 0x0000000089d00000|100%| O|  |TAMS 0x0000000089c00000, 0x0000000089c00000| Untracked 
| 157|0x0000000089d00000, 0x0000000089e00000, 0x0000000089e00000|100%| O|  |TAMS 0x0000000089d00000, 0x0000000089d00000| Untracked 
| 158|0x0000000089e00000, 0x0000000089f00000, 0x0000000089f00000|100%| O|  |TAMS 0x0000000089e00000, 0x0000000089e00000| Untracked 
| 159|0x0000000089f00000, 0x000000008a000000, 0x000000008a000000|100%| O|  |TAMS 0x0000000089f00000, 0x0000000089f00000| Untracked 
| 160|0x000000008a000000, 0x000000008a100000, 0x000000008a100000|100%| O|  |TAMS 0x000000008a000000, 0x000000008a000000| Untracked 
| 161|0x000000008a100000, 0x000000008a200000, 0x000000008a200000|100%| O|  |TAMS 0x000000008a100000, 0x000000008a100000| Untracked 
| 162|0x000000008a200000, 0x000000008a300000, 0x000000008a300000|100%| O|  |TAMS 0x000000008a200000, 0x000000008a200000| Untracked 
| 163|0x000000008a300000, 0x000000008a400000, 0x000000008a400000|100%| O|  |TAMS 0x000000008a300000, 0x000000008a300000| Untracked 
| 164|0x000000008a400000, 0x000000008a500000, 0x000000008a500000|100%| O|  |TAMS 0x000000008a400000, 0x000000008a400000| Untracked 
| 165|0x000000008a500000, 0x000000008a600000, 0x000000008a600000|100%| O|  |TAMS 0x000000008a500000, 0x000000008a500000| Untracked 
| 166|0x000000008a600000, 0x000000008a700000, 0x000000008a700000|100%| O|  |TAMS 0x000000008a600000, 0x000000008a600000| Untracked 
| 167|0x000000008a700000, 0x000000008a800000, 0x000000008a800000|100%| O|  |TAMS 0x000000008a700000, 0x000000008a700000| Untracked 
| 168|0x000000008a800000, 0x000000008a900000, 0x000000008a900000|100%| O|  |TAMS 0x000000008a800000, 0x000000008a800000| Untracked 
| 169|0x000000008a900000, 0x000000008aa00000, 0x000000008aa00000|100%| O|  |TAMS 0x000000008a900000, 0x000000008a900000| Untracked 
| 170|0x000000008aa00000, 0x000000008ab00000, 0x000000008ab00000|100%| O|  |TAMS 0x000000008aa00000, 0x000000008aa00000| Untracked 
| 171|0x000000008ab00000, 0x000000008ac00000, 0x000000008ac00000|100%| O|  |TAMS 0x000000008ab00000, 0x000000008ab00000| Untracked 
| 172|0x000000008ac00000, 0x000000008ad00000, 0x000000008ad00000|100%| O|  |TAMS 0x000000008ac00000, 0x000000008ac00000| Untracked 
| 173|0x000000008ad00000, 0x000000008ae00000, 0x000000008ae00000|100%| O|  |TAMS 0x000000008ad00000, 0x000000008ad00000| Untracked 
| 174|0x000000008ae00000, 0x000000008af00000, 0x000000008af00000|100%| O|  |TAMS 0x000000008ae00000, 0x000000008ae00000| Untracked 
| 175|0x000000008af00000, 0x000000008af00000, 0x000000008b000000|  0%| F|  |TAMS 0x000000008af00000, 0x000000008af00000| Untracked 
| 176|0x000000008b000000, 0x000000008b000000, 0x000000008b100000|  0%| F|  |TAMS 0x000000008b000000, 0x000000008b000000| Untracked 
| 177|0x000000008b100000, 0x000000008b100000, 0x000000008b200000|  0%| F|  |TAMS 0x000000008b100000, 0x000000008b100000| Untracked 
| 178|0x000000008b200000, 0x000000008b200000, 0x000000008b300000|  0%| F|  |TAMS 0x000000008b200000, 0x000000008b200000| Untracked 
| 179|0x000000008b300000, 0x000000008b400000, 0x000000008b400000|100%| O|  |TAMS 0x000000008b300000, 0x000000008b300000| Untracked 
| 180|0x000000008b400000, 0x000000008b500000, 0x000000008b500000|100%| O|  |TAMS 0x000000008b400000, 0x000000008b400000| Untracked 
| 181|0x000000008b500000, 0x000000008b600000, 0x000000008b600000|100%| O|  |TAMS 0x000000008b500000, 0x000000008b500000| Untracked 
| 182|0x000000008b600000, 0x000000008b700000, 0x000000008b700000|100%| O|  |TAMS 0x000000008b600000, 0x000000008b600000| Untracked 
| 183|0x000000008b700000, 0x000000008b7d3000, 0x000000008b800000| 82%| O|  |TAMS 0x000000008b700000, 0x000000008b700000| Untracked 
| 184|0x000000008b800000, 0x000000008b800000, 0x000000008b900000|  0%| F|  |TAMS 0x000000008b800000, 0x000000008b800000| Untracked 
| 185|0x000000008b900000, 0x000000008b900000, 0x000000008ba00000|  0%| F|  |TAMS 0x000000008b900000, 0x000000008b900000| Untracked 
| 186|0x000000008ba00000, 0x000000008ba00000, 0x000000008bb00000|  0%| F|  |TAMS 0x000000008ba00000, 0x000000008ba00000| Untracked 
| 187|0x000000008bb00000, 0x000000008bb00000, 0x000000008bc00000|  0%| F|  |TAMS 0x000000008bb00000, 0x000000008bb00000| Untracked 
| 188|0x000000008bc00000, 0x000000008bc00000, 0x000000008bd00000|  0%| F|  |TAMS 0x000000008bc00000, 0x000000008bc00000| Untracked 
| 189|0x000000008bd00000, 0x000000008bd00000, 0x000000008be00000|  0%| F|  |TAMS 0x000000008bd00000, 0x000000008bd00000| Untracked 
| 190|0x000000008be00000, 0x000000008be00000, 0x000000008bf00000|  0%| F|  |TAMS 0x000000008be00000, 0x000000008be00000| Untracked 
| 191|0x000000008bf00000, 0x000000008bf00000, 0x000000008c000000|  0%| F|  |TAMS 0x000000008bf00000, 0x000000008bf00000| Untracked 
| 192|0x000000008c000000, 0x000000008c000000, 0x000000008c100000|  0%| F|  |TAMS 0x000000008c000000, 0x000000008c000000| Untracked 
| 193|0x000000008c100000, 0x000000008c100000, 0x000000008c200000|  0%| F|  |TAMS 0x000000008c100000, 0x000000008c100000| Untracked 
| 194|0x000000008c200000, 0x000000008c200000, 0x000000008c300000|  0%| F|  |TAMS 0x000000008c200000, 0x000000008c200000| Untracked 
| 195|0x000000008c300000, 0x000000008c300000, 0x000000008c400000|  0%| F|  |TAMS 0x000000008c300000, 0x000000008c300000| Untracked 
| 196|0x000000008c400000, 0x000000008c400000, 0x000000008c500000|  0%| F|  |TAMS 0x000000008c400000, 0x000000008c400000| Untracked 
| 197|0x000000008c500000, 0x000000008c500000, 0x000000008c600000|  0%| F|  |TAMS 0x000000008c500000, 0x000000008c500000| Untracked 
| 198|0x000000008c600000, 0x000000008c600000, 0x000000008c700000|  0%| F|  |TAMS 0x000000008c600000, 0x000000008c600000| Untracked 
| 199|0x000000008c700000, 0x000000008c700000, 0x000000008c800000|  0%| F|  |TAMS 0x000000008c700000, 0x000000008c700000| Untracked 
| 200|0x000000008c800000, 0x000000008c800000, 0x000000008c900000|  0%| F|  |TAMS 0x000000008c800000, 0x000000008c800000| Untracked 
| 201|0x000000008c900000, 0x000000008c900000, 0x000000008ca00000|  0%| F|  |TAMS 0x000000008c900000, 0x000000008c900000| Untracked 
| 202|0x000000008ca00000, 0x000000008ca00000, 0x000000008cb00000|  0%| F|  |TAMS 0x000000008ca00000, 0x000000008ca00000| Untracked 
| 203|0x000000008cb00000, 0x000000008cb00000, 0x000000008cc00000|  0%| F|  |TAMS 0x000000008cb00000, 0x000000008cb00000| Untracked 
| 204|0x000000008cc00000, 0x000000008cc00000, 0x000000008cd00000|  0%| F|  |TAMS 0x000000008cc00000, 0x000000008cc00000| Untracked 
| 205|0x000000008cd00000, 0x000000008cd00000, 0x000000008ce00000|  0%| F|  |TAMS 0x000000008cd00000, 0x000000008cd00000| Untracked 
| 206|0x000000008ce00000, 0x000000008ce00000, 0x000000008cf00000|  0%| F|  |TAMS 0x000000008ce00000, 0x000000008ce00000| Untracked 
| 207|0x000000008cf00000, 0x000000008cf00000, 0x000000008d000000|  0%| F|  |TAMS 0x000000008cf00000, 0x000000008cf00000| Untracked 
| 208|0x000000008d000000, 0x000000008d000000, 0x000000008d100000|  0%| F|  |TAMS 0x000000008d000000, 0x000000008d000000| Untracked 
| 209|0x000000008d100000, 0x000000008d100000, 0x000000008d200000|  0%| F|  |TAMS 0x000000008d100000, 0x000000008d100000| Untracked 
| 210|0x000000008d200000, 0x000000008d200000, 0x000000008d300000|  0%| F|  |TAMS 0x000000008d200000, 0x000000008d200000| Untracked 
| 211|0x000000008d300000, 0x000000008d300000, 0x000000008d400000|  0%| F|  |TAMS 0x000000008d300000, 0x000000008d300000| Untracked 
| 212|0x000000008d400000, 0x000000008d400000, 0x000000008d500000|  0%| F|  |TAMS 0x000000008d400000, 0x000000008d400000| Untracked 
| 213|0x000000008d500000, 0x000000008d5dd1b0, 0x000000008d600000| 86%| S|CS|TAMS 0x000000008d500000, 0x000000008d500000| Complete 
| 214|0x000000008d600000, 0x000000008d700000, 0x000000008d700000|100%| S|CS|TAMS 0x000000008d600000, 0x000000008d600000| Complete 
| 215|0x000000008d700000, 0x000000008d800000, 0x000000008d800000|100%| S|CS|TAMS 0x000000008d700000, 0x000000008d700000| Complete 
| 216|0x000000008d800000, 0x000000008d800000, 0x000000008d900000|  0%| F|  |TAMS 0x000000008d800000, 0x000000008d800000| Untracked 
| 217|0x000000008d900000, 0x000000008d900000, 0x000000008da00000|  0%| F|  |TAMS 0x000000008d900000, 0x000000008d900000| Untracked 
| 218|0x000000008da00000, 0x000000008da00000, 0x000000008db00000|  0%| F|  |TAMS 0x000000008da00000, 0x000000008da00000| Untracked 
| 219|0x000000008db00000, 0x000000008db00000, 0x000000008dc00000|  0%| F|  |TAMS 0x000000008db00000, 0x000000008db00000| Untracked 
| 220|0x000000008dc00000, 0x000000008dc00000, 0x000000008dd00000|  0%| F|  |TAMS 0x000000008dc00000, 0x000000008dc00000| Untracked 
| 221|0x000000008dd00000, 0x000000008dd00000, 0x000000008de00000|  0%| F|  |TAMS 0x000000008dd00000, 0x000000008dd00000| Untracked 
| 222|0x000000008de00000, 0x000000008de00000, 0x000000008df00000|  0%| F|  |TAMS 0x000000008de00000, 0x000000008de00000| Untracked 
| 223|0x000000008df00000, 0x000000008df00000, 0x000000008e000000|  0%| F|  |TAMS 0x000000008df00000, 0x000000008df00000| Untracked 
| 224|0x000000008e000000, 0x000000008e000000, 0x000000008e100000|  0%| F|  |TAMS 0x000000008e000000, 0x000000008e000000| Untracked 
| 225|0x000000008e100000, 0x000000008e100000, 0x000000008e200000|  0%| F|  |TAMS 0x000000008e100000, 0x000000008e100000| Untracked 
| 226|0x000000008e200000, 0x000000008e200000, 0x000000008e300000|  0%| F|  |TAMS 0x000000008e200000, 0x000000008e200000| Untracked 
| 227|0x000000008e300000, 0x000000008e300000, 0x000000008e400000|  0%| F|  |TAMS 0x000000008e300000, 0x000000008e300000| Untracked 
| 228|0x000000008e400000, 0x000000008e400000, 0x000000008e500000|  0%| F|  |TAMS 0x000000008e400000, 0x000000008e400000| Untracked 
| 229|0x000000008e500000, 0x000000008e500000, 0x000000008e600000|  0%| F|  |TAMS 0x000000008e500000, 0x000000008e500000| Untracked 
| 230|0x000000008e600000, 0x000000008e600000, 0x000000008e700000|  0%| F|  |TAMS 0x000000008e600000, 0x000000008e600000| Untracked 
| 231|0x000000008e700000, 0x000000008e700000, 0x000000008e800000|  0%| F|  |TAMS 0x000000008e700000, 0x000000008e700000| Untracked 
| 232|0x000000008e800000, 0x000000008e800000, 0x000000008e900000|  0%| F|  |TAMS 0x000000008e800000, 0x000000008e800000| Untracked 
| 233|0x000000008e900000, 0x000000008e900000, 0x000000008ea00000|  0%| F|  |TAMS 0x000000008e900000, 0x000000008e900000| Untracked 
| 234|0x000000008ea00000, 0x000000008ea00000, 0x000000008eb00000|  0%| F|  |TAMS 0x000000008ea00000, 0x000000008ea00000| Untracked 
| 235|0x000000008eb00000, 0x000000008eb00000, 0x000000008ec00000|  0%| F|  |TAMS 0x000000008eb00000, 0x000000008eb00000| Untracked 
| 236|0x000000008ec00000, 0x000000008ec00000, 0x000000008ed00000|  0%| F|  |TAMS 0x000000008ec00000, 0x000000008ec00000| Untracked 
| 237|0x000000008ed00000, 0x000000008ed00000, 0x000000008ee00000|  0%| F|  |TAMS 0x000000008ed00000, 0x000000008ed00000| Untracked 
| 238|0x000000008ee00000, 0x000000008ee00000, 0x000000008ef00000|  0%| F|  |TAMS 0x000000008ee00000, 0x000000008ee00000| Untracked 
| 239|0x000000008ef00000, 0x000000008efa57c0, 0x000000008f000000| 64%| E|  |TAMS 0x000000008ef00000, 0x000000008ef00000| Complete 
| 240|0x000000008f000000, 0x000000008f100000, 0x000000008f100000|100%| E|CS|TAMS 0x000000008f000000, 0x000000008f000000| Complete 
| 241|0x000000008f100000, 0x000000008f200000, 0x000000008f200000|100%| E|CS|TAMS 0x000000008f100000, 0x000000008f100000| Complete 
| 242|0x000000008f200000, 0x000000008f300000, 0x000000008f300000|100%| E|CS|TAMS 0x000000008f200000, 0x000000008f200000| Complete 
| 243|0x000000008f300000, 0x000000008f400000, 0x000000008f400000|100%| E|CS|TAMS 0x000000008f300000, 0x000000008f300000| Complete 
| 244|0x000000008f400000, 0x000000008f500000, 0x000000008f500000|100%| E|CS|TAMS 0x000000008f400000, 0x000000008f400000| Complete 
| 245|0x000000008f500000, 0x000000008f600000, 0x000000008f600000|100%| E|CS|TAMS 0x000000008f500000, 0x000000008f500000| Complete 
| 246|0x000000008f600000, 0x000000008f700000, 0x000000008f700000|100%| E|CS|TAMS 0x000000008f600000, 0x000000008f600000| Complete 
| 247|0x000000008f700000, 0x000000008f800000, 0x000000008f800000|100%| E|CS|TAMS 0x000000008f700000, 0x000000008f700000| Complete 

Card table byte_map: [0x000001db4fc90000,0x000001db50090000] _byte_map_base: 0x000001db4f890000

Marking Bits (Prev, Next): (CMBitMap*) 0x000001db38e06b00, (CMBitMap*) 0x000001db38e06b40
 Prev Bits: [0x000001db50490000, 0x000001db52490000)
 Next Bits: [0x000001db52490000, 0x000001db54490000)

Polling page: 0x000001db38550000

Metaspace:

Usage:
  Non-class:     88.33 MB used.
      Class:     14.23 MB used.
       Both:    102.56 MB used.

Virtual space:
  Non-class space:      128.00 MB reserved,      88.94 MB ( 69%) committed,  2 nodes.
      Class space:      416.00 MB reserved,      14.81 MB (  4%) committed,  1 nodes.
             Both:      544.00 MB reserved,     103.75 MB ( 19%) committed. 

Chunk freelists:
   Non-Class:  6.28 MB
       Class:  1.04 MB
        Both:  7.32 MB

MaxMetaspaceSize: 512.00 MB
CompressedClassSpaceSize: 416.00 MB
Initial GC threshold: 21.00 MB
Current GC threshold: 129.62 MB
CDS: on
MetaspaceReclaimPolicy: balanced
 - commit_granule_bytes: 65536.
 - commit_granule_words: 8192.
 - virtual_space_node_default_size: 8388608.
 - enlarge_chunks_in_place: 1.
 - new_chunks_are_fully_committed: 0.
 - uncommit_free_chunks: 1.
 - use_allocation_guard: 0.
 - handle_deallocations: 1.


Internal statistics:

num_allocs_failed_limit: 6.
num_arena_births: 1440.
num_arena_deaths: 0.
num_vsnodes_births: 3.
num_vsnodes_deaths: 0.
num_space_committed: 1660.
num_space_uncommitted: 0.
num_chunks_returned_to_freelist: 6.
num_chunks_taken_from_freelist: 5981.
num_chunk_merges: 6.
num_chunk_splits: 3820.
num_chunks_enlarged: 2359.
num_inconsistent_stats: 0.

CodeHeap 'non-profiled nmethods': size=120000Kb used=9503Kb max_used=9503Kb free=110497Kb
 bounds [0x000001db48360000, 0x000001db48cb0000, 0x000001db4f890000]
CodeHeap 'profiled nmethods': size=120000Kb used=27170Kb max_used=27170Kb free=92829Kb
 bounds [0x000001db40890000, 0x000001db42320000, 0x000001db47dc0000]
CodeHeap 'non-nmethods': size=5760Kb used=2435Kb max_used=2524Kb free=3324Kb
 bounds [0x000001db47dc0000, 0x000001db48050000, 0x000001db48360000]
 total_blobs=14887 nmethods=13911 adapters=887
 compilation: enabled
              stopped_count=0, restarted_count=0
 full_count=0

Compilation events (20 events):
Event: 168.056 Thread 0x000001db56995a40 nmethod 15983 0x000001db48ca1310 code [0x000001db48ca14a0, 0x000001db48ca15b8]
Event: 168.056 Thread 0x000001db56995a40 15981       4       org.gradle.cache.internal.btree.KeyHasher$MessageDigestStream::write (11 bytes)
Event: 168.057 Thread 0x000001db7b4f0060 nmethod 15982 0x000001db48ca1690 code [0x000001db48ca1820, 0x000001db48ca1938]
Event: 168.057 Thread 0x000001db7b4f0060 15979       4       java.util.concurrent.ArrayBlockingQueue::enqueue (53 bytes)
Event: 168.061 Thread 0x000001db56995a40 nmethod 15981 0x000001db48ca1a90 code [0x000001db48ca1c20, 0x000001db48ca1d38]
Event: 168.061 Thread 0x000001db56995a40 15980   !   4       org.gradle.launcher.daemon.server.exec.DaemonConnectionBackedEventConsumer$ForwardEvents::getNextEvent (27 bytes)
Event: 168.102 Thread 0x000001db7b4f0060 nmethod 15979 0x000001db48ca1e90 code [0x000001db48ca2040, 0x000001db48ca2948]
Event: 168.104 Thread 0x000001db7b4f0060 15984       4       java.nio.HeapByteBuffer::<init> (21 bytes)
Event: 168.117 Thread 0x000001db56995a40 nmethod 15980 0x000001db48ca2c90 code [0x000001db48ca2e80, 0x000001db48ca3850]
Event: 168.119 Thread 0x000001db7b4f0060 nmethod 15984 0x000001db48ca4110 code [0x000001db48ca42a0, 0x000001db48ca4718]
Event: 168.125 Thread 0x000001db7b4f0060 15985       4       org.gradle.internal.snapshot.ChildMapFactory::childMapFromSorted (84 bytes)
Event: 168.140 Thread 0x000001db7b4f0060 nmethod 15985 0x000001db48ca4990 code [0x000001db48ca4b40, 0x000001db48ca4ed8]
Event: 168.161 Thread 0x000001db56995a40 15986       4       org.gradle.internal.snapshot.impl.DirectorySnapshotter$PathVisitor::shouldVisit (92 bytes)
Event: 168.221 Thread 0x000001db7b4f0060 15987       4       org.gradle.internal.file.FileHierarchySet$PrefixFileSet::contains (10 bytes)
Event: 168.224 Thread 0x000001db7b4f0060 nmethod 15987 0x000001db48ca5190 code [0x000001db48ca5320, 0x000001db48ca53e8]
Event: 168.225 Thread 0x000001db56995a40 nmethod 15986 0x000001db48ca5510 code [0x000001db48ca5700, 0x000001db48ca5fa8]
Event: 168.227 Thread 0x000001db56995a40 15988       4       sun.nio.fs.WindowsPath$WindowsPathWithAttributes::getFileSystem (5 bytes)
Event: 168.229 Thread 0x000001db56995a40 nmethod 15988 0x000001db48ca6710 code [0x000001db48ca6880, 0x000001db48ca68f8]
Event: 168.311 Thread 0x000001db56995a40 15989       4       org.gradle.cache.internal.ExclusiveCacheAccessingWorker$1::call (10 bytes)
Event: 168.311 Thread 0x000001db7b4f0060 15990       4       org.gradle.cache.internal.AsyncCacheAccessDecoratedCache$$Lambda$512/0x000001db58480f58::create (12 bytes)

GC Heap History (20 events):
Event: 135.809 GC heap before
{Heap before GC invocations=41 (full 0):
 garbage-first heap   total 253952K, used 205655K [0x0000000080000000, 0x0000000100000000)
  region size 1024K, 107 young (109568K), 5 survivors (5120K)
 Metaspace       used 93330K, committed 94272K, reserved 557056K
  class space    used 13075K, committed 13504K, reserved 425984K
}
Event: 135.860 GC heap after
{Heap after GC invocations=42 (full 0):
 garbage-first heap   total 253952K, used 121443K [0x0000000080000000, 0x0000000100000000)
  region size 1024K, 14 young (14336K), 14 survivors (14336K)
 Metaspace       used 93330K, committed 94272K, reserved 557056K
  class space    used 13075K, committed 13504K, reserved 425984K
}
Event: 142.523 GC heap before
{Heap before GC invocations=42 (full 0):
 garbage-first heap   total 253952K, used 202339K [0x0000000080000000, 0x0000000100000000)
  region size 1024K, 90 young (92160K), 14 survivors (14336K)
 Metaspace       used 94773K, committed 95808K, reserved 557056K
  class space    used 13257K, committed 13760K, reserved 425984K
}
Event: 142.602 GC heap after
{Heap after GC invocations=43 (full 0):
 garbage-first heap   total 253952K, used 142712K [0x0000000080000000, 0x0000000100000000)
  region size 1024K, 12 young (12288K), 12 survivors (12288K)
 Metaspace       used 94773K, committed 95808K, reserved 557056K
  class space    used 13257K, committed 13760K, reserved 425984K
}
Event: 146.903 GC heap before
{Heap before GC invocations=43 (full 0):
 garbage-first heap   total 253952K, used 200056K [0x0000000080000000, 0x0000000100000000)
  region size 1024K, 67 young (68608K), 12 survivors (12288K)
 Metaspace       used 96983K, committed 97984K, reserved 557056K
  class space    used 13489K, committed 13952K, reserved 425984K
}
Event: 146.965 GC heap after
{Heap after GC invocations=44 (full 0):
 garbage-first heap   total 253952K, used 155648K [0x0000000080000000, 0x0000000100000000)
  region size 1024K, 9 young (9216K), 9 survivors (9216K)
 Metaspace       used 96983K, committed 97984K, reserved 557056K
  class space    used 13489K, committed 13952K, reserved 425984K
}
Event: 150.805 GC heap before
{Heap before GC invocations=44 (full 0):
 garbage-first heap   total 253952K, used 201728K [0x0000000080000000, 0x0000000100000000)
  region size 1024K, 54 young (55296K), 9 survivors (9216K)
 Metaspace       used 100642K, committed 101760K, reserved 557056K
  class space    used 14039K, committed 14592K, reserved 425984K
}
Event: 150.849 GC heap after
{Heap after GC invocations=45 (full 0):
 garbage-first heap   total 253952K, used 159006K [0x0000000080000000, 0x0000000100000000)
  region size 1024K, 3 young (3072K), 3 survivors (3072K)
 Metaspace       used 100642K, committed 101760K, reserved 557056K
  class space    used 14039K, committed 14592K, reserved 425984K
}
Event: 156.767 GC heap before
{Heap before GC invocations=45 (full 0):
 garbage-first heap   total 253952K, used 206110K [0x0000000080000000, 0x0000000100000000)
  region size 1024K, 49 young (50176K), 3 survivors (3072K)
 Metaspace       used 102520K, committed 103680K, reserved 557056K
  class space    used 14284K, committed 14848K, reserved 425984K
}
Event: 156.825 GC heap after
{Heap after GC invocations=46 (full 0):
 garbage-first heap   total 253952K, used 164734K [0x0000000080000000, 0x0000000100000000)
  region size 1024K, 7 young (7168K), 7 survivors (7168K)
 Metaspace       used 102520K, committed 103680K, reserved 557056K
  class space    used 14284K, committed 14848K, reserved 425984K
}
Event: 160.072 GC heap before
{Heap before GC invocations=46 (full 0):
 garbage-first heap   total 253952K, used 208766K [0x0000000080000000, 0x0000000100000000)
  region size 1024K, 50 young (51200K), 7 survivors (7168K)
 Metaspace       used 103201K, committed 104384K, reserved 557056K
  class space    used 14349K, committed 14912K, reserved 425984K
}
Event: 160.111 GC heap after
{Heap after GC invocations=47 (full 0):
 garbage-first heap   total 253952K, used 169889K [0x0000000080000000, 0x0000000100000000)
  region size 1024K, 5 young (5120K), 5 survivors (5120K)
 Metaspace       used 103201K, committed 104384K, reserved 557056K
  class space    used 14349K, committed 14912K, reserved 425984K
}
Event: 161.713 GC heap before
{Heap before GC invocations=47 (full 0):
 garbage-first heap   total 253952K, used 210849K [0x0000000080000000, 0x0000000100000000)
  region size 1024K, 45 young (46080K), 5 survivors (5120K)
 Metaspace       used 103586K, committed 104768K, reserved 557056K
  class space    used 14388K, committed 14976K, reserved 425984K
}
Event: 161.748 GC heap after
{Heap after GC invocations=48 (full 0):
 garbage-first heap   total 253952K, used 174446K [0x0000000080000000, 0x0000000100000000)
  region size 1024K, 5 young (5120K), 5 survivors (5120K)
 Metaspace       used 103586K, committed 104768K, reserved 557056K
  class space    used 14388K, committed 14976K, reserved 425984K
}
Event: 163.383 GC heap before
{Heap before GC invocations=48 (full 0):
 garbage-first heap   total 253952K, used 211310K [0x0000000080000000, 0x0000000100000000)
  region size 1024K, 42 young (43008K), 5 survivors (5120K)
 Metaspace       used 104381K, committed 105600K, reserved 557056K
  class space    used 14512K, committed 15104K, reserved 425984K
}
Event: 163.415 GC heap after
{Heap after GC invocations=49 (full 0):
 garbage-first heap   total 253952K, used 178300K [0x0000000080000000, 0x0000000100000000)
  region size 1024K, 4 young (4096K), 4 survivors (4096K)
 Metaspace       used 104381K, committed 105600K, reserved 557056K
  class space    used 14512K, committed 15104K, reserved 425984K
}
Event: 165.201 GC heap before
{Heap before GC invocations=49 (full 0):
 garbage-first heap   total 253952K, used 214140K [0x0000000080000000, 0x0000000100000000)
  region size 1024K, 39 young (39936K), 4 survivors (4096K)
 Metaspace       used 104662K, committed 105856K, reserved 557056K
  class space    used 14524K, committed 15104K, reserved 425984K
}
Event: 165.221 GC heap after
{Heap after GC invocations=50 (full 0):
 garbage-first heap   total 253952K, used 179949K [0x0000000080000000, 0x0000000100000000)
  region size 1024K, 2 young (2048K), 2 survivors (2048K)
 Metaspace       used 104662K, committed 105856K, reserved 557056K
  class space    used 14524K, committed 15104K, reserved 425984K
}
Event: 167.074 GC heap before
{Heap before GC invocations=50 (full 0):
 garbage-first heap   total 253952K, used 214765K [0x0000000080000000, 0x0000000100000000)
  region size 1024K, 37 young (37888K), 2 survivors (2048K)
 Metaspace       used 104934K, committed 106112K, reserved 557056K
  class space    used 14572K, committed 15168K, reserved 425984K
}
Event: 167.094 GC heap after
{Heap after GC invocations=51 (full 0):
 garbage-first heap   total 253952K, used 184199K [0x0000000080000000, 0x0000000100000000)
  region size 1024K, 5 young (5120K), 5 survivors (5120K)
 Metaspace       used 104934K, committed 106112K, reserved 557056K
  class space    used 14572K, committed 15168K, reserved 425984K
}

Dll operation events (14 events):
Event: 0.029 Loaded shared library C:\Program Files\Microsoft\jdk-17.0.8.7-hotspot\bin\java.dll
Event: 0.386 Loaded shared library C:\Program Files\Microsoft\jdk-17.0.8.7-hotspot\bin\jsvml.dll
Event: 2.881 Loaded shared library C:\Program Files\Microsoft\jdk-17.0.8.7-hotspot\bin\zip.dll
Event: 2.902 Loaded shared library C:\Program Files\Microsoft\jdk-17.0.8.7-hotspot\bin\instrument.dll
Event: 2.923 Loaded shared library C:\Program Files\Microsoft\jdk-17.0.8.7-hotspot\bin\net.dll
Event: 2.931 Loaded shared library C:\Program Files\Microsoft\jdk-17.0.8.7-hotspot\bin\nio.dll
Event: 3.054 Loaded shared library C:\Program Files\Microsoft\jdk-17.0.8.7-hotspot\bin\zip.dll
Event: 5.208 Loaded shared library C:\Program Files\Microsoft\jdk-17.0.8.7-hotspot\bin\jimage.dll
Event: 5.892 Loaded shared library C:\Program Files\Microsoft\jdk-17.0.8.7-hotspot\bin\verify.dll
Event: 7.852 Loaded shared library C:\Users\user\.gradle\native\68d5fa5c4cc2d200863cafc0d521ce42e7d3e7ee720ec0a83991735586a16f82\windows-amd64\native-platform.dll
Event: 7.975 Loaded shared library C:\Users\user\.gradle\native\e376f236ea51e6404a007f0833ffe2c6e607c4080706a723a18a27aeea778392\windows-amd64\native-platform-file-events.dll
Event: 13.805 Loaded shared library C:\Program Files\Microsoft\jdk-17.0.8.7-hotspot\bin\management.dll
Event: 13.813 Loaded shared library C:\Program Files\Microsoft\jdk-17.0.8.7-hotspot\bin\management_ext.dll
Event: 16.049 Loaded shared library C:\Program Files\Microsoft\jdk-17.0.8.7-hotspot\bin\sunmscapi.dll

Deoptimization events (20 events):
Event: 165.531 Thread 0x000001db78f3aad0 Uncommon trap: trap_request=0xffffffc6 fr.pc=0x000001db48bfbec8 relative=0x00000000000000a8
Event: 165.531 Thread 0x000001db78f3aad0 Uncommon trap: reason=bimorphic_or_optimized_type_check action=maybe_recompile pc=0x000001db48bfbec8 method=org.gradle.execution.plan.ActionNode.hasPendingPreExecutionNodes()Z @ 11 c2
Event: 165.532 Thread 0x000001db78f3aad0 DEOPT PACKING pc=0x000001db48bfbec8 sp=0x00000014a13fed80
Event: 165.532 Thread 0x000001db78f3aad0 DEOPT UNPACKING pc=0x000001db47e169a3 sp=0x00000014a13fed08 mode 2
Event: 165.680 Thread 0x000001db78f39180 Uncommon trap: trap_request=0xffffffd6 fr.pc=0x000001db48c49380 relative=0x0000000000000840
Event: 165.680 Thread 0x000001db78f39180 Uncommon trap: reason=array_check action=maybe_recompile pc=0x000001db48c49380 method=java.util.TimSort.binarySort([Ljava/lang/Object;IIILjava/util/Comparator;)V @ 193 c2
Event: 165.681 Thread 0x000001db78f39180 DEOPT PACKING pc=0x000001db48c49380 sp=0x00000014a14fa490
Event: 165.681 Thread 0x000001db78f39180 DEOPT UNPACKING pc=0x000001db47e169a3 sp=0x00000014a14fa428 mode 2
Event: 165.681 Thread 0x000001db78f39180 Uncommon trap: trap_request=0xffffffd6 fr.pc=0x000001db48c49380 relative=0x0000000000000840
Event: 165.682 Thread 0x000001db78f39180 Uncommon trap: reason=array_check action=maybe_recompile pc=0x000001db48c49380 method=java.util.TimSort.binarySort([Ljava/lang/Object;IIILjava/util/Comparator;)V @ 193 c2
Event: 165.682 Thread 0x000001db78f39180 DEOPT PACKING pc=0x000001db48c49380 sp=0x00000014a14fa170
Event: 165.682 Thread 0x000001db78f39180 DEOPT UNPACKING pc=0x000001db47e169a3 sp=0x00000014a14fa108 mode 2
Event: 165.682 Thread 0x000001db78f39180 Uncommon trap: trap_request=0xffffffd6 fr.pc=0x000001db48c49380 relative=0x0000000000000840
Event: 165.682 Thread 0x000001db78f39180 Uncommon trap: reason=array_check action=maybe_recompile pc=0x000001db48c49380 method=java.util.TimSort.binarySort([Ljava/lang/Object;IIILjava/util/Comparator;)V @ 193 c2
Event: 165.682 Thread 0x000001db78f39180 DEOPT PACKING pc=0x000001db48c49380 sp=0x00000014a14fa490
Event: 165.682 Thread 0x000001db78f39180 DEOPT UNPACKING pc=0x000001db47e169a3 sp=0x00000014a14fa428 mode 2
Event: 165.683 Thread 0x000001db78f39180 Uncommon trap: trap_request=0xffffffd6 fr.pc=0x000001db48c49380 relative=0x0000000000000840
Event: 165.683 Thread 0x000001db78f39180 Uncommon trap: reason=array_check action=maybe_recompile pc=0x000001db48c49380 method=java.util.TimSort.binarySort([Ljava/lang/Object;IIILjava/util/Comparator;)V @ 193 c2
Event: 165.683 Thread 0x000001db78f39180 DEOPT PACKING pc=0x000001db48c49380 sp=0x00000014a14fa170
Event: 165.683 Thread 0x000001db78f39180 DEOPT UNPACKING pc=0x000001db47e169a3 sp=0x00000014a14fa108 mode 2

Classes unloaded (0 events):
No events

Classes redefined (0 events):
No events

Internal exceptions (20 events):
Event: 156.217 Thread 0x000001db77132bc0 Implicit null exception at 0x000001db48b044d6 to 0x000001db48b04ec8
Event: 157.458 Thread 0x000001db77132bc0 Implicit null exception at 0x000001db48b4104b to 0x000001db48b4110f
Event: 158.051 Thread 0x000001db77132bc0 Exception <a 'java/lang/IncompatibleClassChangeError'{0x000000008eb69a78}: Found class java.lang.Object, but interface was expected> (0x000000008eb69a78) 
thrown [s\src\hotspot\share\interpreter\linkResolver.cpp, line 826]
Event: 158.813 Thread 0x000001db77132bc0 Exception <a 'sun/nio/fs/WindowsException'{0x000000008e280010}> (0x000000008e280010) 
thrown [s\src\hotspot\share\prims\jni.cpp, line 516]
Event: 158.814 Thread 0x000001db77132bc0 Exception <a 'sun/nio/fs/WindowsException'{0x000000008e281958}> (0x000000008e281958) 
thrown [s\src\hotspot\share\prims\jni.cpp, line 516]
Event: 158.814 Thread 0x000001db77132bc0 Exception <a 'sun/nio/fs/WindowsException'{0x000000008e282fe8}> (0x000000008e282fe8) 
thrown [s\src\hotspot\share\prims\jni.cpp, line 516]
Event: 158.815 Thread 0x000001db77132bc0 Exception <a 'sun/nio/fs/WindowsException'{0x000000008e284748}> (0x000000008e284748) 
thrown [s\src\hotspot\share\prims\jni.cpp, line 516]
Event: 162.566 Thread 0x000001db7d328860 Exception <a 'java/lang/NoSuchMethodError'{0x000000008e3c1718}: 'void java.lang.invoke.DirectMethodHandle$Holder.invokeStatic(java.lang.Object, java.lang.Object, java.lang.Object, java.lang.Object, int, java.lang.Object, java.lang.Object)'> (0x000000008e3c1718) 
thrown [s\src\hotspot\share\interpreter\linkResolver.cpp, line 759]
Event: 162.725 Thread 0x000001db7d3264f0 Exception <a 'java/lang/NoSuchMethodError'{0x000000008e176fd8}: 'java.lang.Object java.lang.invoke.DirectMethodHandle$Holder.invokeSpecialIFC(java.lang.Object, java.lang.Object, java.lang.Object)'> (0x000000008e176fd8) 
thrown [s\src\hotspot\share\interpreter\linkResolver.cpp, line 759]
Event: 162.726 Thread 0x000001db7d329790 Exception <a 'java/lang/NoSuchMethodError'{0x000000008e14ac80}: 'java.lang.Object java.lang.invoke.DirectMethodHandle$Holder.invokeSpecialIFC(java.lang.Object, java.lang.Object, java.lang.Object)'> (0x000000008e14ac80) 
thrown [s\src\hotspot\share\interpreter\linkResolver.cpp, line 759]
Event: 162.726 Thread 0x000001db7d328860 Exception <a 'java/lang/NoSuchMethodError'{0x000000008e1352c8}: 'java.lang.Object java.lang.invoke.DirectMethodHandle$Holder.invokeSpecialIFC(java.lang.Object, java.lang.Object, java.lang.Object)'> (0x000000008e1352c8) 
thrown [s\src\hotspot\share\interpreter\linkResolver.cpp, line 759]
Event: 162.726 Thread 0x000001db7d325fe0 Exception <a 'java/lang/NoSuchMethodError'{0x000000008e15ed70}: 'java.lang.Object java.lang.invoke.DirectMethodHandle$Holder.invokeSpecialIFC(java.lang.Object, java.lang.Object, java.lang.Object)'> (0x000000008e15ed70) 
thrown [s\src\hotspot\share\interpreter\linkResolver.cpp, line 759]
Event: 163.070 Thread 0x000001db7d325fe0 Exception <a 'java/lang/NoSuchMethodError'{0x000000008da1e250}: 'void java.lang.invoke.DirectMethodHandle$Holder.invokeVirtual(java.lang.Object, java.lang.Object)'> (0x000000008da1e250) 
thrown [s\src\hotspot\share\interpreter\linkResolver.cpp, line 759]
Event: 165.350 Thread 0x000001db7d328860 Exception <a 'java/lang/ClassNotFoundException'{0x000000008f641fb8}: groovy/util/FileTreeBuilderBeanInfo> (0x000000008f641fb8) 
thrown [s\src\hotspot\share\classfile\systemDictionary.cpp, line 256]
Event: 165.353 Thread 0x000001db7d328860 Exception <a 'java/lang/ClassNotFoundException'{0x000000008f6a4650}: groovy/util/FileTreeBuilderCustomizer> (0x000000008f6a4650) 
thrown [s\src\hotspot\share\classfile\systemDictionary.cpp, line 256]
Event: 165.372 Thread 0x000001db7d328860 Exception <a 'java/lang/ClassNotFoundException'{0x000000008f6dd930}: java/io/BufferedWriterBeanInfo> (0x000000008f6dd930) 
thrown [s\src\hotspot\share\classfile\systemDictionary.cpp, line 256]
Event: 165.373 Thread 0x000001db7d328860 Exception <a 'java/lang/ClassNotFoundException'{0x000000008f6e3ad0}: java/io/WriterBeanInfo> (0x000000008f6e3ad0) 
thrown [s\src\hotspot\share\classfile\systemDictionary.cpp, line 256]
Event: 165.374 Thread 0x000001db7d328860 Exception <a 'java/lang/ClassNotFoundException'{0x000000008f6e9c90}: java/io/WriterCustomizer> (0x000000008f6e9c90) 
thrown [s\src\hotspot\share\classfile\systemDictionary.cpp, line 256]
Event: 165.376 Thread 0x000001db7d328860 Exception <a 'java/lang/ClassNotFoundException'{0x000000008f500400}: java/io/BufferedWriterCustomizer> (0x000000008f500400) 
thrown [s\src\hotspot\share\classfile\systemDictionary.cpp, line 256]
Event: 165.456 Thread 0x000001db7d328860 Exception <a 'java/lang/NoSuchMethodError'{0x000000008f5bcb18}: static Lcom/android/build/api/variant/BuildConfigField;.<clinit>()V> (0x000000008f5bcb18) 
thrown [s\src\hotspot\share\prims\jni.cpp, line 1107]

VM Operations (20 events):
Event: 162.589 Executing VM operation: HandshakeAllThreads
Event: 162.590 Executing VM operation: HandshakeAllThreads done
Event: 162.597 Executing VM operation: ICBufferFull
Event: 162.597 Executing VM operation: ICBufferFull done
Event: 162.765 Executing VM operation: HandshakeAllThreads
Event: 162.765 Executing VM operation: HandshakeAllThreads done
Event: 162.769 Executing VM operation: HandshakeAllThreads
Event: 162.770 Executing VM operation: HandshakeAllThreads done
Event: 163.383 Executing VM operation: G1CollectForAllocation
Event: 163.419 Executing VM operation: G1CollectForAllocation done
Event: 164.421 Executing VM operation: Cleanup
Event: 164.422 Executing VM operation: Cleanup done
Event: 165.201 Executing VM operation: G1CollectForAllocation
Event: 165.221 Executing VM operation: G1CollectForAllocation done
Event: 166.230 Executing VM operation: Cleanup
Event: 166.232 Executing VM operation: Cleanup done
Event: 167.074 Executing VM operation: G1CollectForAllocation
Event: 167.096 Executing VM operation: G1CollectForAllocation done
Event: 168.105 Executing VM operation: Cleanup
Event: 168.105 Executing VM operation: Cleanup done

Events (20 events):
Event: 164.370 Thread 0x000001db7d326a00 Thread added: 0x000001db7d326a00
Event: 164.371 Thread 0x000001db7d324180 Thread added: 0x000001db7d324180
Event: 164.429 Thread 0x000001db7d326f10 Thread added: 0x000001db7d326f10
Event: 165.179 Thread 0x000001db7d3255c0 Thread added: 0x000001db7d3255c0
Event: 165.371 loading class java/io/BufferedWriterBeanInfo
Event: 165.371 loading class java/io/BufferedWriterBeanInfo done
Event: 165.372 loading class java/io/BufferedWriterBeanInfo
Event: 165.372 loading class java/io/BufferedWriterBeanInfo done
Event: 165.372 loading class java/io/WriterBeanInfo
Event: 165.372 loading class java/io/WriterBeanInfo done
Event: 165.373 loading class java/io/WriterBeanInfo
Event: 165.373 loading class java/io/WriterBeanInfo done
Event: 165.373 loading class java/io/WriterCustomizer
Event: 165.373 loading class java/io/WriterCustomizer done
Event: 165.374 loading class java/io/WriterCustomizer
Event: 165.374 loading class java/io/WriterCustomizer done
Event: 165.375 loading class java/io/BufferedWriterCustomizer
Event: 165.375 loading class java/io/BufferedWriterCustomizer done
Event: 165.376 loading class java/io/BufferedWriterCustomizer
Event: 165.376 loading class java/io/BufferedWriterCustomizer done


Dynamic libraries:
0x00007ff663330000 - 0x00007ff66333e000 	C:\Program Files\Microsoft\jdk-17.0.8.7-hotspot\bin\java.exe
0x00007ffc798b0000 - 0x00007ffc79ac7000 	C:\Windows\SYSTEM32\ntdll.dll
0x00007ffc779f0000 - 0x00007ffc77ab4000 	C:\Windows\System32\KERNEL32.DLL
0x00007ffc77190000 - 0x00007ffc77536000 	C:\Windows\System32\KERNELBASE.dll
0x00007ffc76d80000 - 0x00007ffc76e91000 	C:\Windows\System32\ucrtbase.dll
0x00007ffc3eaf0000 - 0x00007ffc3eb07000 	C:\Program Files\Microsoft\jdk-17.0.8.7-hotspot\bin\jli.dll
0x00007ffc320f0000 - 0x00007ffc3210b000 	C:\Program Files\Microsoft\jdk-17.0.8.7-hotspot\bin\VCRUNTIME140.dll
0x00007ffc77d50000 - 0x00007ffc77efe000 	C:\Windows\System32\USER32.dll
0x00007ffc76f20000 - 0x00007ffc76f46000 	C:\Windows\System32\win32u.dll
0x00007ffc777f0000 - 0x00007ffc77819000 	C:\Windows\System32\GDI32.dll
0x00007ffc62d30000 - 0x00007ffc62fc3000 	C:\Windows\WinSxS\amd64_microsoft.windows.common-controls_6595b64144ccf1df_6.0.22621.2506_none_270c5ae97388e100\COMCTL32.dll
0x00007ffc78930000 - 0x00007ffc789d7000 	C:\Windows\System32\msvcrt.dll
0x00007ffc76c60000 - 0x00007ffc76d78000 	C:\Windows\System32\gdi32full.dll
0x00007ffc770f0000 - 0x00007ffc7718a000 	C:\Windows\System32\msvcp_win.dll
0x00007ffc77b40000 - 0x00007ffc77b71000 	C:\Windows\System32\IMM32.DLL
0x00007ffc6da00000 - 0x00007ffc6da0c000 	C:\Program Files\Microsoft\jdk-17.0.8.7-hotspot\bin\vcruntime140_1.dll
0x00007ffc2f1c0000 - 0x00007ffc2f24d000 	C:\Program Files\Microsoft\jdk-17.0.8.7-hotspot\bin\msvcp140.dll
0x00007ffbf3c10000 - 0x00007ffbf4875000 	C:\Program Files\Microsoft\jdk-17.0.8.7-hotspot\bin\server\jvm.dll
0x00007ffc77c90000 - 0x00007ffc77d43000 	C:\Windows\System32\ADVAPI32.dll
0x00007ffc77be0000 - 0x00007ffc77c88000 	C:\Windows\System32\sechost.dll
0x00007ffc76f50000 - 0x00007ffc76f78000 	C:\Windows\System32\bcrypt.dll
0x00007ffc78b30000 - 0x00007ffc78c47000 	C:\Windows\System32\RPCRT4.dll
0x00007ffc76ac0000 - 0x00007ffc76b0d000 	C:\Windows\SYSTEM32\POWRPROF.dll
0x00007ffc56b80000 - 0x00007ffc56b89000 	C:\Windows\SYSTEM32\WSOCK32.dll
0x00007ffc6e7c0000 - 0x00007ffc6e7f4000 	C:\Windows\SYSTEM32\WINMM.dll
0x00007ffc6d0e0000 - 0x00007ffc6d0ea000 	C:\Windows\SYSTEM32\VERSION.dll
0x00007ffc78c50000 - 0x00007ffc78cc1000 	C:\Windows\System32\WS2_32.dll
0x00007ffc769f0000 - 0x00007ffc76a03000 	C:\Windows\SYSTEM32\UMPDC.dll
0x00007ffc75c20000 - 0x00007ffc75c38000 	C:\Windows\SYSTEM32\kernel.appcore.dll
0x00007ffc60ee0000 - 0x00007ffc60eea000 	C:\Program Files\Microsoft\jdk-17.0.8.7-hotspot\bin\jimage.dll
0x00007ffc6f500000 - 0x00007ffc6f733000 	C:\Windows\SYSTEM32\DBGHELP.DLL
0x00007ffc77f00000 - 0x00007ffc78289000 	C:\Windows\System32\combase.dll
0x00007ffc79720000 - 0x00007ffc797f7000 	C:\Windows\System32\OLEAUT32.dll
0x00007ffc53b10000 - 0x00007ffc53b42000 	C:\Windows\SYSTEM32\dbgcore.DLL
0x00007ffc76ea0000 - 0x00007ffc76f1a000 	C:\Windows\System32\bcryptPrimitives.dll
0x00007ffc5daf0000 - 0x00007ffc5dafe000 	C:\Program Files\Microsoft\jdk-17.0.8.7-hotspot\bin\instrument.dll
0x00007ffc31fa0000 - 0x00007ffc31fc5000 	C:\Program Files\Microsoft\jdk-17.0.8.7-hotspot\bin\java.dll
0x00007ffbf9c20000 - 0x00007ffbf9cf7000 	C:\Program Files\Microsoft\jdk-17.0.8.7-hotspot\bin\jsvml.dll
0x00007ffc78ec0000 - 0x00007ffc7971a000 	C:\Windows\System32\SHELL32.dll
0x00007ffc74b30000 - 0x00007ffc75426000 	C:\Windows\SYSTEM32\windows.storage.dll
0x00007ffc749f0000 - 0x00007ffc74b2e000 	C:\Windows\SYSTEM32\wintypes.dll
0x00007ffc78d60000 - 0x00007ffc78e53000 	C:\Windows\System32\SHCORE.dll
0x00007ffc78e60000 - 0x00007ffc78ebe000 	C:\Windows\System32\shlwapi.dll
0x00007ffc76b20000 - 0x00007ffc76b46000 	C:\Windows\SYSTEM32\profapi.dll
0x00007ffc30580000 - 0x00007ffc30598000 	C:\Program Files\Microsoft\jdk-17.0.8.7-hotspot\bin\zip.dll
0x00007ffc31f30000 - 0x00007ffc31f49000 	C:\Program Files\Microsoft\jdk-17.0.8.7-hotspot\bin\net.dll
0x00007ffc6fb40000 - 0x00007ffc6fc77000 	C:\Windows\SYSTEM32\WINHTTP.dll
0x00007ffc760a0000 - 0x00007ffc76109000 	C:\Windows\system32\mswsock.dll
0x00007ffc30a00000 - 0x00007ffc30a16000 	C:\Program Files\Microsoft\jdk-17.0.8.7-hotspot\bin\nio.dll
0x00007ffc74010000 - 0x00007ffc74020000 	C:\Program Files\Microsoft\jdk-17.0.8.7-hotspot\bin\verify.dll
0x00007ffc6efe0000 - 0x00007ffc6f007000 	C:\Users\user\.gradle\native\68d5fa5c4cc2d200863cafc0d521ce42e7d3e7ee720ec0a83991735586a16f82\windows-amd64\native-platform.dll
0x00007ffbf9390000 - 0x00007ffbf94d4000 	C:\Users\user\.gradle\native\e376f236ea51e6404a007f0833ffe2c6e607c4080706a723a18a27aeea778392\windows-amd64\native-platform-file-events.dll
0x00007ffc722c0000 - 0x00007ffc722c9000 	C:\Program Files\Microsoft\jdk-17.0.8.7-hotspot\bin\management.dll
0x00007ffc5fb90000 - 0x00007ffc5fb9b000 	C:\Program Files\Microsoft\jdk-17.0.8.7-hotspot\bin\management_ext.dll
0x00007ffc77920000 - 0x00007ffc77928000 	C:\Windows\System32\PSAPI.DLL
0x00007ffc762f0000 - 0x00007ffc7630b000 	C:\Windows\SYSTEM32\CRYPTSP.dll
0x00007ffc75b80000 - 0x00007ffc75bb5000 	C:\Windows\system32\rsaenh.dll
0x00007ffc76190000 - 0x00007ffc761bc000 	C:\Windows\SYSTEM32\USERENV.dll
0x00007ffc76310000 - 0x00007ffc7631c000 	C:\Windows\SYSTEM32\CRYPTBASE.dll
0x00007ffc756d0000 - 0x00007ffc756fd000 	C:\Windows\SYSTEM32\IPHLPAPI.DLL
0x00007ffc784a0000 - 0x00007ffc784a9000 	C:\Windows\System32\NSI.dll
0x00007ffc70ac0000 - 0x00007ffc70ad9000 	C:\Windows\SYSTEM32\dhcpcsvc6.DLL
0x00007ffc6fb20000 - 0x00007ffc6fb3f000 	C:\Windows\SYSTEM32\dhcpcsvc.DLL
0x00007ffc75700000 - 0x00007ffc757f9000 	C:\Windows\SYSTEM32\DNSAPI.dll
0x00007ffc5c960000 - 0x00007ffc5c96e000 	C:\Program Files\Microsoft\jdk-17.0.8.7-hotspot\bin\sunmscapi.dll
0x00007ffc76f80000 - 0x00007ffc770e6000 	C:\Windows\System32\CRYPT32.dll
0x00007ffc764b0000 - 0x00007ffc764de000 	C:\Windows\SYSTEM32\ncrypt.dll
0x00007ffc76470000 - 0x00007ffc764a7000 	C:\Windows\SYSTEM32\NTASN1.dll
0x00007ffc6d8d0000 - 0x00007ffc6d8d8000 	C:\Windows\system32\wshunix.dll
0x00007ffc5ee40000 - 0x00007ffc5ee4a000 	C:\Windows\System32\rasadhlp.dll
0x00007ffc6de00000 - 0x00007ffc6de83000 	C:\Windows\System32\fwpuclnt.dll
0x00007ffc6f920000 - 0x00007ffc6f937000 	C:\Windows\system32\napinsp.dll
0x00007ffc6f900000 - 0x00007ffc6f91b000 	C:\Windows\system32\pnrpnsp.dll
0x00007ffc6f7a0000 - 0x00007ffc6f7b1000 	C:\Windows\System32\winrnr.dll
0x00007ffc48680000 - 0x00007ffc48695000 	C:\Windows\system32\wshbth.dll
0x00007ffc6f770000 - 0x00007ffc6f791000 	C:\Windows\system32\nlansp_c.dll

dbghelp: loaded successfully - version: 4.0.5 - missing functions: none
symbol engine: initialized successfully - sym options: 0x614 - pdb path: .;C:\Program Files\Microsoft\jdk-17.0.8.7-hotspot\bin;C:\Windows\SYSTEM32;C:\Windows\WinSxS\amd64_microsoft.windows.common-controls_6595b64144ccf1df_6.0.22621.2506_none_270c5ae97388e100;C:\Program Files\Microsoft\jdk-17.0.8.7-hotspot\bin\server;C:\Users\user\.gradle\native\68d5fa5c4cc2d200863cafc0d521ce42e7d3e7ee720ec0a83991735586a16f82\windows-amd64;C:\Users\user\.gradle\native\e376f236ea51e6404a007f0833ffe2c6e607c4080706a723a18a27aeea778392\windows-amd64

VM Arguments:
jvm_args: -XX:MaxMetaspaceSize=512m --add-opens=java.base/java.util=ALL-UNNAMED --add-opens=java.base/java.lang=ALL-UNNAMED --add-opens=java.base/java.lang.invoke=ALL-UNNAMED --add-opens=java.prefs/java.util.prefs=ALL-UNNAMED --add-opens=java.base/java.nio.charset=ALL-UNNAMED --add-opens=java.base/java.net=ALL-UNNAMED --add-opens=java.base/java.util.concurrent.atomic=ALL-UNNAMED -Xmx2048m -Dfile.encoding=windows-1252 -Duser.country=US -Duser.language=en -Duser.variant -javaagent:C:\Users\user\.gradle\wrapper\dists\gradle-8.3-all\6en3ugtfdg5xnpx44z4qbwgas\gradle-8.3\lib\agents\gradle-instrumentation-agent-8.3.jar 
java_command: org.gradle.launcher.daemon.bootstrap.GradleDaemon 8.3
java_class_path (initial): C:\Users\user\.gradle\wrapper\dists\gradle-8.3-all\6en3ugtfdg5xnpx44z4qbwgas\gradle-8.3\lib\gradle-launcher-8.3.jar
Launcher Type: SUN_STANDARD

[Global flags]
     intx CICompilerCount                          = 3                                         {product} {ergonomic}
   size_t CompressedClassSpaceSize                 = 436207616                                 {product} {ergonomic}
     uint ConcGCThreads                            = 1                                         {product} {ergonomic}
     uint G1ConcRefinementThreads                  = 4                                         {product} {ergonomic}
   size_t G1HeapRegionSize                         = 1048576                                   {product} {ergonomic}
    uintx GCDrainStackTargetSize                   = 64                                        {product} {ergonomic}
   size_t InitialHeapSize                          = 201326592                                 {product} {ergonomic}
   size_t MarkStackSize                            = 4194304                                   {product} {ergonomic}
   size_t MaxHeapSize                              = 2147483648                                {product} {command line}
   size_t MaxMetaspaceSize                         = 536870912                                 {product} {command line}
   size_t MaxNewSize                               = 1287651328                                {product} {ergonomic}
   size_t MinHeapDeltaBytes                        = 1048576                                   {product} {ergonomic}
   size_t MinHeapSize                              = 8388608                                   {product} {ergonomic}
    uintx NonNMethodCodeHeapSize                   = 5832780                                {pd product} {ergonomic}
    uintx NonProfiledCodeHeapSize                  = 122912730                              {pd product} {ergonomic}
    uintx ProfiledCodeHeapSize                     = 122912730                              {pd product} {ergonomic}
    uintx ReservedCodeCacheSize                    = 251658240                              {pd product} {ergonomic}
     bool SegmentedCodeCache                       = true                                      {product} {ergonomic}
   size_t SoftMaxHeapSize                          = 2147483648                             {manageable} {ergonomic}
     bool UseCompressedClassPointers               = true                           {product lp64_product} {ergonomic}
     bool UseCompressedOops                        = true                           {product lp64_product} {ergonomic}
     bool UseG1GC                                  = true                                      {product} {ergonomic}
     bool UseLargePagesIndividualAllocation        = false                                  {pd product} {ergonomic}

Logging:
Log output configuration:
 #0: stdout all=warning uptime,level,tags
 #1: stderr all=off uptime,level,tags

Environment Variables:
JAVA_HOME=C:\Program Files\Microsoft\jdk-17.0.8.7-hotspot\
CLASSPATH=C:\Users\user\Desktop\NEWSPAY\NewsPay\android\\gradle\wrapper\gradle-wrapper.jar
PATH=C:\Users\user\AppData\Local\Temp\yarn--1709762274627-0.7546726896968929;C:\Users\user\desktop\newspay\NewsPay\node_modules\.bin;C:\Users\user\AppData\Local\Yarn\Data\link\node_modules\.bin;C:\Users\user\AppData\Local\Yarn\bin;C:\Program Files\libexec\lib\node_modules\npm\bin\node-gyp-bin;C:\Program Files\lib\node_modules\npm\bin\node-gyp-bin;C:\Program Files\nodejs\node_modules\npm\bin\node-gyp-bin;C:\Users\user\bin;C:\Program Files\Git\mingw64\bin;C:\Program Files\Git\usr\local\bin;C:\Program Files\Git\usr\bin;C:\Program Files\Git\usr\bin;C:\Program Files\Git\mingw64\bin;C:\Program Files\Git\usr\bin;C:\Users\user\bin;C:\Program Files\Microsoft\jdk-17.0.8.7-hotspot\bin;C:\Python312\Scripts;C:\Python312;C:\Windows\system32;C:\Windows;C:\Windows\System32\Wbem;C:\Windows\System32\WindowsPowerShell\v1.0;C:\Windows\System32\OpenSSH;C:\Program Files\Git\cmd;C:\Program Files\nodejs;C:\ProgramData\chocolatey\bin;C:\Program Files\Polyspace\R2021a\bin;C:\ecl\home;C:\Program Files (x86)\Windows Kits\10\Windows Performance Toolkit;C:\Users\user\AppData\Local\Microsoft\WindowsApps;C:\Users\user\AppData\Roaming\npm;C:\Users\user\AppData\Local\Programs\Microsoft VS Code\bin;C:\Users\user\AppData\Local\Android\Sdk\platform-tools;C:\Program Files\JetBrains\IntelliJ IDEA 2023.3.2\bin;C:\Program Files\JetBrains\IntelliJ IDEA Community Edition 2023.3.2\bin;C:\Program Files\JetBrains\PyCharm Community Edition 2023.3.2\bin;C:\Program Files\Git\usr\bin\vendor_perl;C:\Program Files\Git\usr\bin\core_perl
USERNAME=user
SHELL=C:\Program Files\Git\usr\bin\bash.exe
DISPLAY=needs-to-be-defined
LANG=en_US.UTF-8
TERM=xterm-256color
TMPDIR=C:\Users\user\AppData\Local\Temp
OS=Windows_NT
PROCESSOR_IDENTIFIER=Intel64 Family 6 Model 78 Stepping 3, GenuineIntel
TMP=C:\Users\user\AppData\Local\Temp
TEMP=C:\Users\user\AppData\Local\Temp



---------------  S Y S T E M  ---------------

OS:
 Windows 11 , 64 bit Build 22621 (10.0.22621.2506)
OS uptime: 0 days 21:34 hours
Hyper-V role detected

CPU: total 4 (initial active 4) (2 cores per cpu, 2 threads per core) family 6 model 78 stepping 3 microcode 0xd6, cx8, cmov, fxsr, ht, mmx, 3dnowpref, sse, sse2, sse3, ssse3, sse4.1, sse4.2, popcnt, lzcnt, tsc, tscinvbit, avx, avx2, aes, erms, clmul, bmi1, bmi2, adx, fma, vzeroupper, clflush, clflushopt, hv
Processor Information for processor 0
  Max Mhz: 2400, Current Mhz: 2300, Mhz Limit: 2280
Processor Information for processor 1
  Max Mhz: 2400, Current Mhz: 1500, Mhz Limit: 2280
Processor Information for processor 2
  Max Mhz: 2400, Current Mhz: 2300, Mhz Limit: 2280
Processor Information for processor 3
  Max Mhz: 2400, Current Mhz: 1500, Mhz Limit: 2280

Memory: 4k page, system-wide physical 12168M (4389M free)
TotalPageFile size 19080M (AvailPageFile size 8982M)
current process WorkingSet (physical memory assigned to process): 575M, peak: 581M
current process commit charge ("private bytes"): 611M, peak: 618M

vm_info: OpenJDK 64-Bit Server VM (17.0.8+7-LTS) for windows-amd64 JRE (17.0.8+7-LTS), built on Jul  7 2023 17:21:55 by "MicrosoftCorporation" with MS VC++ 16.10 / 16.11 (VS2019)

END.
